<?xml version="1.0" encoding="UTF-8"?>
<robot generator="Robot 7.4.2 (Python 3.11.14 on linux)" generated="2026-08-28T01:20:38.230443" rpa="false" schemaversion="5">
<suite id="s1" name="Suites" source="/home/logesh/Coding/Projects/finance-tracker/tests/robot/suites">
<suite id="s1-s1" name="01 Auth" source="/home/logesh/Coding/Projects/finance-tracker/tests/robot/suites/01_auth.robot">
<kw name="Open App" owner="common" type="SETUP">
<kw name="New Browser" owner="Browser">
<msg time="2026-08-28T01:20:38.368564" level="INFO">{"browser": "chromium", "headless": true, "chromiumSandbox": false, "devtools": false, "handleSIGHUP": true, "handleSIGINT": true, "handleSIGTERM": true, "slowMo": 0.0, "timeout": 30000.0, "tracesDir": "/home/logesh/Coding/Projects/finance-tracker/tests/robot/results/browser/traces/temp/42f4ecdb-d09c-4613-b716-9f6eb2ab6595"}</msg>
<msg time="2026-08-28T01:20:38.387204" level="INFO">Starting Browser process /home/logesh/Coding/Projects/finance-tracker/.venv-robot/lib/python3.11/site-packages/Browser/wrapper/index.js using at 127.0.0.1:54911</msg>
<msg time="2026-08-28T01:20:38.977154" level="INFO">Successfully created browser with options: {"browser":"chromium","headless":true,"chromiumSandbox":false,"devtools":false,"handleSIGHUP":true,"handleSIGINT":true,"handleSIGTERM":true,"slowMo":0,"timeout":30000,"tracesDir":"/home/logesh/Coding/Projects/finance-tracker/tests/robot/results/browser/traces/temp/42f4ecdb-d09c-4613-b716-9f6eb2ab6595"}</msg>
<arg>browser=${BROWSER}</arg>
<arg>headless=${HEADLESS}</arg>
<tag>BrowserControl</tag>
<tag>Setter</tag>
<doc>Create a new playwright Browser with specified options.</doc>
<status status="PASS" start="2026-08-28T01:20:38.367989" elapsed="0.609335"/>
</kw>
<status status="PASS" start="2026-08-28T01:20:38.367455" elapsed="0.609986"/>
</kw>
<test id="s1-s1-t1" name="Admin Login Valid Credentials" line="8">
<kw name="Login As Admin" owner="common">
<kw name="New Context" owner="Browser">
<msg time="2026-08-28T01:20:38.984980" level="INFO">{
  "acceptDownloads": true,
  "bypassCSP": false,
  "forcedColors": "none",
  "ignoreHTTPSErrors": false,
  "javaScriptEnabled": true,
  "offline": false,
  "reducedMotion": "no-preference",
  "serviceWorkers": "allow",
  "viewport": {
    "width": 1280,
    "height": 800
  }
}</msg>
<msg time="2026-08-28T01:20:38.994074" level="INFO">Successfully created context. </msg>
<msg time="2026-08-28T01:20:38.994183" level="INFO">{'acceptDownloads': True, 'bypassCSP': False, 'forcedColors': 'none', 'ignoreHTTPSErrors': False, 'javaScriptEnabled': True, 'offline': False, 'reducedMotion': 'no-preference', 'serviceWorkers': 'allow', 'viewport': {'width': 1280, 'height': 800}}</msg>
<arg>viewport={'width': 1280, 'height': 800}</arg>
<tag>BrowserControl</tag>
<tag>Setter</tag>
<doc>Create a new BrowserContext with specified options.</doc>
<status status="PASS" start="2026-08-28T01:20:38.983865" elapsed="0.010394"/>
</kw>
<kw name="New Page" owner="Browser">
<msg time="2026-08-28T01:20:39.241995" level="INFO">Successfully initialized new page object and opened url: http://192.168.0.109:3001/login</msg>
<arg>${BASE_URL}/login</arg>
<tag>BrowserControl</tag>
<tag>Setter</tag>
<doc>Open a new Page.</doc>
<status status="PASS" start="2026-08-28T01:20:38.994449" elapsed="0.247742"/>
</kw>
<kw name="Wait For Elements State" owner="Browser">
<msg time="2026-08-28T01:20:39.291434" level="INFO">Waited for Element with selector id=email at state visible</msg>
<arg>id=email</arg>
<arg>visible</arg>
<arg>timeout=15s</arg>
<tag>PageContent</tag>
<tag>Wait</tag>
<doc>Waits for the element found by ``selector`` to satisfy state option.</doc>
<status status="PASS" start="2026-08-28T01:20:39.242380" elapsed="0.049204"/>
</kw>
<kw name="Fill Text" owner="Browser">
<msg time="2026-08-28T01:20:39.292218" level="INFO">Fills the text 'admin@demo.com' in the given field.</msg>
<arg>id=email</arg>
<arg>${ADMIN_EMAIL}</arg>
<tag>PageContent</tag>
<tag>Setter</tag>
<doc>Clears and fills the given ``txt`` into the text field found by ``selector``.</doc>
<status status="PASS" start="2026-08-28T01:20:39.291766" elapsed="0.049453"/>
</kw>
<kw name="Fill Text" owner="Browser">
<msg time="2026-08-28T01:20:39.341933" level="INFO">Fills the text 'Demo@1234' in the given field.</msg>
<arg>id=password</arg>
<arg>${ADMIN_PASS}</arg>
<tag>PageContent</tag>
<tag>Setter</tag>
<doc>Clears and fills the given ``txt`` into the text field found by ``selector``.</doc>
<status status="PASS" start="2026-08-28T01:20:39.341454" elapsed="0.026242"/>
</kw>
<kw name="Click" owner="Browser">
<msg time="2026-08-28T01:20:39.368385" level="INFO">Clicks the element 'css=button[type="submit"]'.</msg>
<arg>css=button[type="submit"]</arg>
<tag>PageContent</tag>
<tag>Setter</tag>
<doc>Simulates mouse click on the element found by ``selector``.</doc>
<status status="PASS" start="2026-08-28T01:20:39.367911" elapsed="0.409691"/>
</kw>
<kw name="Wait For Load State" owner="Browser">
<msg time="2026-08-28T01:20:39.778723" level="INFO">Waiting page load to state to receive networkidle in 15000.0</msg>
<msg time="2026-08-28T01:20:41.045147" level="INFO">Load state networkidle got in 15000</msg>
<arg>networkidle</arg>
<arg>timeout=15s</arg>
<tag>PageContent</tag>
<tag>Wait</tag>
<doc>Waits until the page reaches the required load state.</doc>
<status status="PASS" start="2026-08-28T01:20:39.777915" elapsed="1.267519"/>
</kw>
<kw name="Get Url" owner="Browser">
<msg time="2026-08-28T01:20:41.050336" level="INFO">${url} = http://192.168.0.109:3001/dashboard</msg>
<var>${url}</var>
<tag>Assertion</tag>
<tag>Getter</tag>
<tag>PageContent</tag>
<doc>Returns the current URL.</doc>
<status status="PASS" start="2026-08-28T01:20:41.045737" elapsed="0.004659"/>
</kw>
<kw name="Should Not Contain" owner="BuiltIn">
<arg>${url}</arg>
<arg>/login</arg>
<doc>Fails if ``container`` contains ``item`` one or more times.</doc>
<status status="PASS" start="2026-08-28T01:20:41.050609" elapsed="0.000648"/>
</kw>
<status status="PASS" start="2026-08-28T01:20:38.983528" elapsed="2.067851"/>
</kw>
<kw name="Get Url" owner="Browser">
<msg time="2026-08-28T01:20:41.054700" level="INFO">${url} = http://192.168.0.109:3001/dashboard</msg>
<var>${url}</var>
<tag>Assertion</tag>
<tag>Getter</tag>
<tag>PageContent</tag>
<doc>Returns the current URL.</doc>
<status status="PASS" start="2026-08-28T01:20:41.051542" elapsed="0.003231"/>
</kw>
<kw name="Should Not Contain" owner="BuiltIn">
<arg>${url}</arg>
<arg>/login</arg>
<doc>Fails if ``container`` contains ``item`` one or more times.</doc>
<status status="PASS" start="2026-08-28T01:20:41.055026" elapsed="0.000649"/>
</kw>
<kw name="Take Test Screenshot" owner="common">
<kw name="Take Screenshot" owner="Browser">
<msg time="2026-08-28T01:20:41.107858" level="INFO" html="true">&lt;/td&gt;&lt;/tr&gt;&lt;tr&gt;&lt;td colspan="3"&gt;&lt;a href="login_admin_success.png" target="_blank"&gt;&lt;img src="login_admin_success.png" style="max-width:800px;max-height:800px;"/&gt;&lt;/a&gt;</msg>
<arg>filename=/home/logesh/Coding/Projects/finance-tracker/tests/robot/resources/../results/${name}.png</arg>
<tag>PageContent</tag>
<doc>Takes a screenshot of the current window or element and saves it to disk.</doc>
<status status="PASS" start="2026-08-28T01:20:41.056489" elapsed="0.051477"/>
</kw>
<arg>login_admin_success</arg>
<status status="PASS" start="2026-08-28T01:20:41.055964" elapsed="0.052087"/>
</kw>
<kw name="Logout And Close" owner="common">
<kw name="Go To" owner="Browser">
<msg time="2026-08-28T01:20:41.154883" level="INFO">Successfully opened URL http://192.168.0.109:3001/api/auth/signout</msg>
<arg>${BASE_URL}/api/auth/signout</arg>
<tag>BrowserControl</tag>
<tag>Setter</tag>
<doc>Navigates to the given ``url``.</doc>
<status status="PASS" start="2026-08-28T01:20:41.108444" elapsed="0.046590"/>
</kw>
<kw name="Wait For Load State" owner="Browser">
<msg time="2026-08-28T01:20:41.155746" level="INFO">Waiting page load to state to receive networkidle in 15000.0</msg>
<msg time="2026-08-28T01:20:41.654769" level="INFO">Load state networkidle got in 15000</msg>
<arg>networkidle</arg>
<tag>PageContent</tag>
<tag>Wait</tag>
<doc>Waits until the page reaches the required load state.</doc>
<status status="PASS" start="2026-08-28T01:20:41.155260" elapsed="0.499644"/>
</kw>
<kw name="Close Context" owner="Browser">
<msg time="2026-08-28T01:20:41.657548" level="INFO">Switching browser to CURRENT</msg>
<msg time="2026-08-28T01:20:41.659862" level="INFO">Returned active browser id. CURRENT</msg>
<msg time="2026-08-28T01:20:41.661429" level="INFO">Switching context to CURRENT in CURRENT</msg>
<msg time="2026-08-28T01:20:41.665324" level="INFO">Returned active context id: CURRENT</msg>
<msg time="2026-08-28T01:20:41.665857" level="INFO">Switching context to context=65f20b82-9462-4a36-8bb3-f69591c8afb6 in CURRENT</msg>
<msg time="2026-08-28T01:20:41.669427" level="INFO">Successfully changed active context: context=65f20b82-9462-4a36-8bb3-f69591c8afb6</msg>
<msg time="2026-08-28T01:20:41.676035" level="INFO">Successfully closed Context</msg>
<tag>BrowserControl</tag>
<tag>Setter</tag>
<doc>Closes a Context.</doc>
<status status="PASS" start="2026-08-28T01:20:41.655111" elapsed="0.021081"/>
</kw>
<status status="PASS" start="2026-08-28T01:20:41.108215" elapsed="0.568073"/>
</kw>
<status status="PASS" start="2026-08-28T01:20:38.977512" elapsed="2.698885"/>
</test>
<test id="s1-s1-t2" name="Admin Login Invalid Password" line="15">
<kw name="New Context" owner="Browser">
<msg time="2026-08-28T01:20:41.683580" level="INFO">{
  "acceptDownloads": true,
  "bypassCSP": false,
  "forcedColors": "none",
  "ignoreHTTPSErrors": false,
  "javaScriptEnabled": true,
  "offline": false,
  "reducedMotion": "no-preference",
  "serviceWorkers": "allow",
  "viewport": {
    "width": 1280,
    "height": 800
  }
}</msg>
<msg time="2026-08-28T01:20:41.687356" level="INFO">Successfully created context. </msg>
<msg time="2026-08-28T01:20:41.687430" level="INFO">{'acceptDownloads': True, 'bypassCSP': False, 'forcedColors': 'none', 'ignoreHTTPSErrors': False, 'javaScriptEnabled': True, 'offline': False, 'reducedMotion': 'no-preference', 'serviceWorkers': 'allow', 'viewport': {'width': 1280, 'height': 800}}</msg>
<arg>viewport={'width': 1280, 'height': 800}</arg>
<tag>BrowserControl</tag>
<tag>Setter</tag>
<doc>Create a new BrowserContext with specified options.</doc>
<status status="PASS" start="2026-08-28T01:20:41.682420" elapsed="0.005065"/>
</kw>
<kw name="New Page" owner="Browser">
<msg time="2026-08-28T01:20:41.969478" level="INFO">Successfully initialized new page object and opened url: http://192.168.0.109:3001/login</msg>
<arg>${BASE_URL}/login</arg>
<tag>BrowserControl</tag>
<tag>Setter</tag>
<doc>Open a new Page.</doc>
<status status="PASS" start="2026-08-28T01:20:41.687639" elapsed="0.282020"/>
</kw>
<kw name="Wait For Elements State" owner="Browser">
<msg time="2026-08-28T01:20:42.023071" level="INFO">Waited for Element with selector id=email at state visible</msg>
<arg>id=email</arg>
<arg>visible</arg>
<tag>PageContent</tag>
<tag>Wait</tag>
<doc>Waits for the element found by ``selector`` to satisfy state option.</doc>
<status status="PASS" start="2026-08-28T01:20:41.969819" elapsed="0.053422"/>
</kw>
<kw name="Fill Text" owner="Browser">
<msg time="2026-08-28T01:20:42.023805" level="INFO">Fills the text 'admin@demo.com' in the given field.</msg>
<arg>id=email</arg>
<arg>${ADMIN_EMAIL}</arg>
<tag>PageContent</tag>
<tag>Setter</tag>
<doc>Clears and fills the given ``txt`` into the text field found by ``selector``.</doc>
<status status="PASS" start="2026-08-28T01:20:42.023402" elapsed="0.034854"/>
</kw>
<kw name="Fill Text" owner="Browser">
<msg time="2026-08-28T01:20:42.059142" level="INFO">Fills the text 'wrongpassword' in the given field.</msg>
<arg>id=password</arg>
<arg>wrongpassword</arg>
<tag>PageContent</tag>
<tag>Setter</tag>
<doc>Clears and fills the given ``txt`` into the text field found by ``selector``.</doc>
<status status="PASS" start="2026-08-28T01:20:42.058547" elapsed="0.017718"/>
</kw>
<kw name="Click" owner="Browser">
<msg time="2026-08-28T01:20:42.077245" level="INFO">Clicks the element 'css=button[type="submit"]'.</msg>
<arg>css=button[type="submit"]</arg>
<tag>PageContent</tag>
<tag>Setter</tag>
<doc>Simulates mouse click on the element found by ``selector``.</doc>
<status status="PASS" start="2026-08-28T01:20:42.076564" elapsed="0.046380"/>
</kw>
<kw name="Wait For Elements State" owner="Browser">
<msg time="2026-08-28T01:20:42.914174" level="INFO">Waited for Element with selector text=Invalid email or password at state visible</msg>
<arg>text=Invalid email or password</arg>
<arg>visible</arg>
<arg>timeout=10s</arg>
<tag>PageContent</tag>
<tag>Wait</tag>
<doc>Waits for the element found by ``selector`` to satisfy state option.</doc>
<status status="PASS" start="2026-08-28T01:20:42.123152" elapsed="0.791326"/>
</kw>
<kw name="Take Test Screenshot" owner="common">
<kw name="Take Screenshot" owner="Browser">
<msg time="2026-08-28T01:20:42.969022" level="INFO" html="true">&lt;/td&gt;&lt;/tr&gt;&lt;tr&gt;&lt;td colspan="3"&gt;&lt;a href="login_invalid_password.png" target="_blank"&gt;&lt;img src="login_invalid_password.png" style="max-width:800px;max-height:800px;"/&gt;&lt;/a&gt;</msg>
<arg>filename=/home/logesh/Coding/Projects/finance-tracker/tests/robot/resources/../results/${name}.png</arg>
<tag>PageContent</tag>
<doc>Takes a screenshot of the current window or element and saves it to disk.</doc>
<status status="PASS" start="2026-08-28T01:20:42.915678" elapsed="0.053470"/>
</kw>
<arg>login_invalid_password</arg>
<status status="PASS" start="2026-08-28T01:20:42.914929" elapsed="0.054317"/>
</kw>
<kw name="Close Context" owner="Browser">
<msg time="2026-08-28T01:20:42.971745" level="INFO">Switching browser to CURRENT</msg>
<msg time="2026-08-28T01:20:42.973653" level="INFO">Returned active browser id. CURRENT</msg>
<msg time="2026-08-28T01:20:42.975104" level="INFO">Switching context to CURRENT in CURRENT</msg>
<msg time="2026-08-28T01:20:42.978593" level="INFO">Returned active context id: CURRENT</msg>
<msg time="2026-08-28T01:20:42.979052" level="INFO">Switching context to context=23a268e1-c43b-4f02-babf-6a22c06d65fc in CURRENT</msg>
<msg time="2026-08-28T01:20:42.982216" level="INFO">Successfully changed active context: context=23a268e1-c43b-4f02-babf-6a22c06d65fc</msg>
<msg time="2026-08-28T01:20:42.986050" level="INFO">Successfully closed Context</msg>
<tag>BrowserControl</tag>
<tag>Setter</tag>
<doc>Closes a Context.</doc>
<status status="PASS" start="2026-08-28T01:20:42.969363" elapsed="0.016844"/>
</kw>
<status status="PASS" start="2026-08-28T01:20:41.680049" elapsed="1.306299"/>
</test>
<test id="s1-s1-t3" name="Agent Login Valid Credentials" line="26">
<kw name="Login As Agent" owner="common">
<kw name="New Context" owner="Browser">
<msg time="2026-08-28T01:20:42.993317" level="INFO">{
  "acceptDownloads": true,
  "bypassCSP": false,
  "forcedColors": "none",
  "ignoreHTTPSErrors": false,
  "javaScriptEnabled": true,
  "offline": false,
  "reducedMotion": "no-preference",
  "serviceWorkers": "allow",
  "viewport": {
    "width": 1280,
    "height": 800
  }
}</msg>
<msg time="2026-08-28T01:20:42.996632" level="INFO">Successfully created context. </msg>
<msg time="2026-08-28T01:20:42.996701" level="INFO">{'acceptDownloads': True, 'bypassCSP': False, 'forcedColors': 'none', 'ignoreHTTPSErrors': False, 'javaScriptEnabled': True, 'offline': False, 'reducedMotion': 'no-preference', 'serviceWorkers': 'allow', 'viewport': {'width': 1280, 'height': 800}}</msg>
<arg>viewport={'width': 1280, 'height': 800}</arg>
<tag>BrowserControl</tag>
<tag>Setter</tag>
<doc>Create a new BrowserContext with specified options.</doc>
<status status="PASS" start="2026-08-28T01:20:42.992422" elapsed="0.004331"/>
</kw>
<kw name="New Page" owner="Browser">
<msg time="2026-08-28T01:20:43.224131" level="INFO">Successfully initialized new page object and opened url: http://192.168.0.109:3001/login</msg>
<arg>${BASE_URL}/login</arg>
<tag>BrowserControl</tag>
<tag>Setter</tag>
<doc>Open a new Page.</doc>
<status status="PASS" start="2026-08-28T01:20:42.996898" elapsed="0.227402"/>
</kw>
<kw name="Wait For Elements State" owner="Browser">
<msg time="2026-08-28T01:20:43.275725" level="INFO">Waited for Element with selector id=email at state visible</msg>
<arg>id=email</arg>
<arg>visible</arg>
<arg>timeout=15s</arg>
<tag>PageContent</tag>
<tag>Wait</tag>
<doc>Waits for the element found by ``selector`` to satisfy state option.</doc>
<status status="PASS" start="2026-08-28T01:20:43.224457" elapsed="0.051461"/>
</kw>
<kw name="Fill Text" owner="Browser">
<msg time="2026-08-28T01:20:43.276498" level="INFO">Fills the text 'agent@demo.com' in the given field.</msg>
<arg>id=email</arg>
<arg>${AGENT_EMAIL}</arg>
<tag>PageContent</tag>
<tag>Setter</tag>
<doc>Clears and fills the given ``txt`` into the text field found by ``selector``.</doc>
<status status="PASS" start="2026-08-28T01:20:43.276078" elapsed="0.038865"/>
</kw>
<kw name="Fill Text" owner="Browser">
<msg time="2026-08-28T01:20:43.315829" level="INFO">Fills the text 'Demo@1234' in the given field.</msg>
<arg>id=password</arg>
<arg>${AGENT_PASS}</arg>
<tag>PageContent</tag>
<tag>Setter</tag>
<doc>Clears and fills the given ``txt`` into the text field found by ``selector``.</doc>
<status status="PASS" start="2026-08-28T01:20:43.315194" elapsed="0.012544"/>
</kw>
<kw name="Click" owner="Browser">
<msg time="2026-08-28T01:20:43.328490" level="INFO">Clicks the element 'css=button[type="submit"]'.</msg>
<arg>css=button[type="submit"]</arg>
<tag>PageContent</tag>
<tag>Setter</tag>
<doc>Simulates mouse click on the element found by ``selector``.</doc>
<status status="PASS" start="2026-08-28T01:20:43.328011" elapsed="0.045941"/>
</kw>
<kw name="Wait For Load State" owner="Browser">
<msg time="2026-08-28T01:20:43.374974" level="INFO">Waiting page load to state to receive networkidle in 15000.0</msg>
<msg time="2026-08-28T01:20:44.510067" level="INFO">Load state networkidle got in 15000</msg>
<arg>networkidle</arg>
<arg>timeout=15s</arg>
<tag>PageContent</tag>
<tag>Wait</tag>
<doc>Waits until the page reaches the required load state.</doc>
<status status="PASS" start="2026-08-28T01:20:43.374241" elapsed="1.136138"/>
</kw>
<kw name="Get Url" owner="Browser">
<msg time="2026-08-28T01:20:44.515244" level="INFO">${url} = http://192.168.0.109:3001/dashboard</msg>
<var>${url}</var>
<tag>Assertion</tag>
<tag>Getter</tag>
<tag>PageContent</tag>
<doc>Returns the current URL.</doc>
<status status="PASS" start="2026-08-28T01:20:44.510746" elapsed="0.004586"/>
</kw>
<kw name="Should Not Contain" owner="BuiltIn">
<arg>${url}</arg>
<arg>/login</arg>
<doc>Fails if ``container`` contains ``item`` one or more times.</doc>
<status status="PASS" start="2026-08-28T01:20:44.515653" elapsed="0.000783"/>
</kw>
<status status="PASS" start="2026-08-28T01:20:42.992126" elapsed="1.524483"/>
</kw>
<kw name="Get Url" owner="Browser">
<msg time="2026-08-28T01:20:44.521289" level="INFO">${url} = http://192.168.0.109:3001/dashboard</msg>
<var>${url}</var>
<tag>Assertion</tag>
<tag>Getter</tag>
<tag>PageContent</tag>
<doc>Returns the current URL.</doc>
<status status="PASS" start="2026-08-28T01:20:44.516845" elapsed="0.004532"/>
</kw>
<kw name="Should Not Contain" owner="BuiltIn">
<arg>${url}</arg>
<arg>/login</arg>
<doc>Fails if ``container`` contains ``item`` one or more times.</doc>
<status status="PASS" start="2026-08-28T01:20:44.521689" elapsed="0.000786"/>
</kw>
<kw name="Take Test Screenshot" owner="common">
<kw name="Take Screenshot" owner="Browser">
<msg time="2026-08-28T01:20:44.564470" level="INFO" html="true">&lt;/td&gt;&lt;/tr&gt;&lt;tr&gt;&lt;td colspan="3"&gt;&lt;a href="login_agent_success.png" target="_blank"&gt;&lt;img src="login_agent_success.png" style="max-width:800px;max-height:800px;"/&gt;&lt;/a&gt;</msg>
<arg>filename=/home/logesh/Coding/Projects/finance-tracker/tests/robot/resources/../results/${name}.png</arg>
<tag>PageContent</tag>
<doc>Takes a screenshot of the current window or element and saves it to disk.</doc>
<status status="PASS" start="2026-08-28T01:20:44.523440" elapsed="0.041145"/>
</kw>
<arg>login_agent_success</arg>
<status status="PASS" start="2026-08-28T01:20:44.522818" elapsed="0.041857"/>
</kw>
<kw name="Logout And Close" owner="common">
<kw name="Go To" owner="Browser">
<msg time="2026-08-28T01:20:44.609124" level="INFO">Successfully opened URL http://192.168.0.109:3001/api/auth/signout</msg>
<arg>${BASE_URL}/api/auth/signout</arg>
<tag>BrowserControl</tag>
<tag>Setter</tag>
<doc>Navigates to the given ``url``.</doc>
<status status="PASS" start="2026-08-28T01:20:44.565095" elapsed="0.044202"/>
</kw>
<kw name="Wait For Load State" owner="Browser">
<msg time="2026-08-28T01:20:44.610081" level="INFO">Waiting page load to state to receive networkidle in 15000.0</msg>
<msg time="2026-08-28T01:20:45.109473" level="INFO">Load state networkidle got in 15000</msg>
<arg>networkidle</arg>
<tag>PageContent</tag>
<tag>Wait</tag>
<doc>Waits until the page reaches the required load state.</doc>
<status status="PASS" start="2026-08-28T01:20:44.609502" elapsed="0.500122"/>
</kw>
<kw name="Close Context" owner="Browser">
<msg time="2026-08-28T01:20:45.111637" level="INFO">Switching browser to CURRENT</msg>
<msg time="2026-08-28T01:20:45.113389" level="INFO">Returned active browser id. CURRENT</msg>
<msg time="2026-08-28T01:20:45.115079" level="INFO">Switching context to CURRENT in CURRENT</msg>
<msg time="2026-08-28T01:20:45.118907" level="INFO">Returned active context id: CURRENT</msg>
<msg time="2026-08-28T01:20:45.119370" level="INFO">Switching context to context=fb459971-fa5d-4b36-9355-e4b2a2d310a0 in CURRENT</msg>
<msg time="2026-08-28T01:20:45.123463" level="INFO">Successfully changed active context: context=fb459971-fa5d-4b36-9355-e4b2a2d310a0</msg>
<msg time="2026-08-28T01:20:45.128057" level="INFO">Successfully closed Context</msg>
<tag>BrowserControl</tag>
<tag>Setter</tag>
<doc>Closes a Context.</doc>
<status status="PASS" start="2026-08-28T01:20:45.109786" elapsed="0.018432"/>
</kw>
<status status="PASS" start="2026-08-28T01:20:44.564849" elapsed="0.563467"/>
</kw>
<status status="PASS" start="2026-08-28T01:20:42.989716" elapsed="2.138707"/>
</test>
<test id="s1-s1-t4" name="Authenticated User Redirected From Login" line="33">
<kw name="Login As Agent" owner="common">
<kw name="New Context" owner="Browser">
<msg time="2026-08-28T01:20:45.135396" level="INFO">{
  "acceptDownloads": true,
  "bypassCSP": false,
  "forcedColors": "none",
  "ignoreHTTPSErrors": false,
  "javaScriptEnabled": true,
  "offline": false,
  "reducedMotion": "no-preference",
  "serviceWorkers": "allow",
  "viewport": {
    "width": 1280,
    "height": 800
  }
}</msg>
<msg time="2026-08-28T01:20:45.139176" level="INFO">Successfully created context. </msg>
<msg time="2026-08-28T01:20:45.139269" level="INFO">{'acceptDownloads': True, 'bypassCSP': False, 'forcedColors': 'none', 'ignoreHTTPSErrors': False, 'javaScriptEnabled': True, 'offline': False, 'reducedMotion': 'no-preference', 'serviceWorkers': 'allow', 'viewport': {'width': 1280, 'height': 800}}</msg>
<arg>viewport={'width': 1280, 'height': 800}</arg>
<tag>BrowserControl</tag>
<tag>Setter</tag>
<doc>Create a new BrowserContext with specified options.</doc>
<status status="PASS" start="2026-08-28T01:20:45.134483" elapsed="0.004847"/>
</kw>
<kw name="New Page" owner="Browser">
<msg time="2026-08-28T01:20:45.385081" level="INFO">Successfully initialized new page object and opened url: http://192.168.0.109:3001/login</msg>
<arg>${BASE_URL}/login</arg>
<tag>BrowserControl</tag>
<tag>Setter</tag>
<doc>Open a new Page.</doc>
<status status="PASS" start="2026-08-28T01:20:45.139495" elapsed="0.245764"/>
</kw>
<kw name="Wait For Elements State" owner="Browser">
<msg time="2026-08-28T01:20:45.441938" level="INFO">Waited for Element with selector id=email at state visible</msg>
<arg>id=email</arg>
<arg>visible</arg>
<arg>timeout=15s</arg>
<tag>PageContent</tag>
<tag>Wait</tag>
<doc>Waits for the element found by ``selector`` to satisfy state option.</doc>
<status status="PASS" start="2026-08-28T01:20:45.385426" elapsed="0.056744"/>
</kw>
<kw name="Fill Text" owner="Browser">
<msg time="2026-08-28T01:20:45.443045" level="INFO">Fills the text 'agent@demo.com' in the given field.</msg>
<arg>id=email</arg>
<arg>${AGENT_EMAIL}</arg>
<tag>PageContent</tag>
<tag>Setter</tag>
<doc>Clears and fills the given ``txt`` into the text field found by ``selector``.</doc>
<status status="PASS" start="2026-08-28T01:20:45.442423" elapsed="0.046759"/>
</kw>
<kw name="Fill Text" owner="Browser">
<msg time="2026-08-28T01:20:45.489932" level="INFO">Fills the text 'Demo@1234' in the given field.</msg>
<arg>id=password</arg>
<arg>${AGENT_PASS}</arg>
<tag>PageContent</tag>
<tag>Setter</tag>
<doc>Clears and fills the given ``txt`` into the text field found by ``selector``.</doc>
<status status="PASS" start="2026-08-28T01:20:45.489473" elapsed="0.016402"/>
</kw>
<kw name="Click" owner="Browser">
<msg time="2026-08-28T01:20:45.506442" level="INFO">Clicks the element 'css=button[type="submit"]'.</msg>
<arg>css=button[type="submit"]</arg>
<tag>PageContent</tag>
<tag>Setter</tag>
<doc>Simulates mouse click on the element found by ``selector``.</doc>
<status status="PASS" start="2026-08-28T01:20:45.506055" elapsed="0.050354"/>
</kw>
<kw name="Wait For Load State" owner="Browser">
<msg time="2026-08-28T01:20:45.557066" level="INFO">Waiting page load to state to receive networkidle in 15000.0</msg>
<msg time="2026-08-28T01:20:46.671785" level="INFO">Load state networkidle got in 15000</msg>
<arg>networkidle</arg>
<arg>timeout=15s</arg>
<tag>PageContent</tag>
<tag>Wait</tag>
<doc>Waits until the page reaches the required load state.</doc>
<status status="PASS" start="2026-08-28T01:20:45.556592" elapsed="1.115485"/>
</kw>
<kw name="Get Url" owner="Browser">
<msg time="2026-08-28T01:20:46.676705" level="INFO">${url} = http://192.168.0.109:3001/dashboard</msg>
<var>${url}</var>
<tag>Assertion</tag>
<tag>Getter</tag>
<tag>PageContent</tag>
<doc>Returns the current URL.</doc>
<status status="PASS" start="2026-08-28T01:20:46.672482" elapsed="0.004313"/>
</kw>
<kw name="Should Not Contain" owner="BuiltIn">
<arg>${url}</arg>
<arg>/login</arg>
<doc>Fails if ``container`` contains ``item`` one or more times.</doc>
<status status="PASS" start="2026-08-28T01:20:46.677137" elapsed="0.000775"/>
</kw>
<status status="PASS" start="2026-08-28T01:20:45.134192" elapsed="1.543886"/>
</kw>
<kw name="Go To" owner="Browser">
<msg time="2026-08-28T01:20:46.866134" level="INFO">Successfully opened URL http://192.168.0.109:3001/login</msg>
<arg>${BASE_URL}/login</arg>
<tag>BrowserControl</tag>
<tag>Setter</tag>
<doc>Navigates to the given ``url``.</doc>
<status status="PASS" start="2026-08-28T01:20:46.678329" elapsed="0.187979"/>
</kw>
<kw name="Wait For Load State" owner="Browser">
<msg time="2026-08-28T01:20:46.866872" level="INFO">Waiting page load to state to receive networkidle in 15000.0</msg>
<msg time="2026-08-28T01:20:47.464502" level="INFO">Load state networkidle got in 15000</msg>
<arg>networkidle</arg>
<tag>PageContent</tag>
<tag>Wait</tag>
<doc>Waits until the page reaches the required load state.</doc>
<status status="PASS" start="2026-08-28T01:20:46.866470" elapsed="0.598320"/>
</kw>
<kw name="Get Url" owner="Browser">
<msg time="2026-08-28T01:20:47.470049" level="INFO">${url} = http://192.168.0.109:3001/dashboard</msg>
<var>${url}</var>
<tag>Assertion</tag>
<tag>Getter</tag>
<tag>PageContent</tag>
<doc>Returns the current URL.</doc>
<status status="PASS" start="2026-08-28T01:20:47.465177" elapsed="0.004982"/>
</kw>
<kw name="Should Not Contain" owner="BuiltIn">
<arg>${url}</arg>
<arg>/login</arg>
<doc>Fails if ``container`` contains ``item`` one or more times.</doc>
<status status="PASS" start="2026-08-28T01:20:47.470477" elapsed="0.000775"/>
</kw>
<kw name="Take Test Screenshot" owner="common">
<kw name="Take Screenshot" owner="Browser">
<msg time="2026-08-28T01:20:47.516241" level="INFO" html="true">&lt;/td&gt;&lt;/tr&gt;&lt;tr&gt;&lt;td colspan="3"&gt;&lt;a href="login_redirect_already_auth.png" target="_blank"&gt;&lt;img src="login_redirect_already_auth.png" style="max-width:800px;max-height:800px;"/&gt;&lt;/a&gt;</msg>
<arg>filename=/home/logesh/Coding/Projects/finance-tracker/tests/robot/resources/../results/${name}.png</arg>
<tag>PageContent</tag>
<doc>Takes a screenshot of the current window or element and saves it to disk.</doc>
<status status="PASS" start="2026-08-28T01:20:47.472171" elapsed="0.044207"/>
</kw>
<arg>login_redirect_already_auth</arg>
<status status="PASS" start="2026-08-28T01:20:47.471576" elapsed="0.044882"/>
</kw>
<kw name="Logout And Close" owner="common">
<kw name="Go To" owner="Browser">
<msg time="2026-08-28T01:20:47.562853" level="INFO">Successfully opened URL http://192.168.0.109:3001/api/auth/signout</msg>
<arg>${BASE_URL}/api/auth/signout</arg>
<tag>BrowserControl</tag>
<tag>Setter</tag>
<doc>Navigates to the given ``url``.</doc>
<status status="PASS" start="2026-08-28T01:20:47.516834" elapsed="0.046237"/>
</kw>
<kw name="Wait For Load State" owner="Browser">
<msg time="2026-08-28T01:20:47.563863" level="INFO">Waiting page load to state to receive networkidle in 15000.0</msg>
<msg time="2026-08-28T01:20:48.063141" level="INFO">Load state networkidle got in 15000</msg>
<arg>networkidle</arg>
<tag>PageContent</tag>
<tag>Wait</tag>
<doc>Waits until the page reaches the required load state.</doc>
<status status="PASS" start="2026-08-28T01:20:47.563331" elapsed="0.499976"/>
</kw>
<kw name="Close Context" owner="Browser">
<msg time="2026-08-28T01:20:48.065678" level="INFO">Switching browser to CURRENT</msg>
<msg time="2026-08-28T01:20:48.067751" level="INFO">Returned active browser id. CURRENT</msg>
<msg time="2026-08-28T01:20:48.069295" level="INFO">Switching context to CURRENT in CURRENT</msg>
<msg time="2026-08-28T01:20:48.072698" level="INFO">Returned active context id: CURRENT</msg>
<msg time="2026-08-28T01:20:48.073193" level="INFO">Switching context to context=44643499-0597-49cf-bd77-c99e6a07f22d in CURRENT</msg>
<msg time="2026-08-28T01:20:48.077177" level="INFO">Successfully changed active context: context=44643499-0597-49cf-bd77-c99e6a07f22d</msg>
<msg time="2026-08-28T01:20:48.081637" level="INFO">Successfully closed Context</msg>
<tag>BrowserControl</tag>
<tag>Setter</tag>
<doc>Closes a Context.</doc>
<status status="PASS" start="2026-08-28T01:20:48.063468" elapsed="0.018318"/>
</kw>
<status status="PASS" start="2026-08-28T01:20:47.516606" elapsed="0.565268"/>
</kw>
<status status="PASS" start="2026-08-28T01:20:45.131880" elapsed="2.950104"/>
</test>
<test id="s1-s1-t5" name="Logout Works" line="42">
<kw name="Login As Admin" owner="common">
<kw name="New Context" owner="Browser">
<msg time="2026-08-28T01:20:48.089534" level="INFO">{
  "acceptDownloads": true,
  "bypassCSP": false,
  "forcedColors": "none",
  "ignoreHTTPSErrors": false,
  "javaScriptEnabled": true,
  "offline": false,
  "reducedMotion": "no-preference",
  "serviceWorkers": "allow",
  "viewport": {
    "width": 1280,
    "height": 800
  }
}</msg>
<msg time="2026-08-28T01:20:48.093859" level="INFO">Successfully created context. </msg>
<msg time="2026-08-28T01:20:48.093931" level="INFO">{'acceptDownloads': True, 'bypassCSP': False, 'forcedColors': 'none', 'ignoreHTTPSErrors': False, 'javaScriptEnabled': True, 'offline': False, 'reducedMotion': 'no-preference', 'serviceWorkers': 'allow', 'viewport': {'width': 1280, 'height': 800}}</msg>
<arg>viewport={'width': 1280, 'height': 800}</arg>
<tag>BrowserControl</tag>
<tag>Setter</tag>
<doc>Create a new BrowserContext with specified options.</doc>
<status status="PASS" start="2026-08-28T01:20:48.088617" elapsed="0.005366"/>
</kw>
<kw name="New Page" owner="Browser">
<msg time="2026-08-28T01:20:48.338022" level="INFO">Successfully initialized new page object and opened url: http://192.168.0.109:3001/login</msg>
<arg>${BASE_URL}/login</arg>
<tag>BrowserControl</tag>
<tag>Setter</tag>
<doc>Open a new Page.</doc>
<status status="PASS" start="2026-08-28T01:20:48.094140" elapsed="0.244127"/>
</kw>
<kw name="Wait For Elements State" owner="Browser">
<msg time="2026-08-28T01:20:48.389433" level="INFO">Waited for Element with selector id=email at state visible</msg>
<arg>id=email</arg>
<arg>visible</arg>
<arg>timeout=15s</arg>
<tag>PageContent</tag>
<tag>Wait</tag>
<doc>Waits for the element found by ``selector`` to satisfy state option.</doc>
<status status="PASS" start="2026-08-28T01:20:48.338491" elapsed="0.051127"/>
</kw>
<kw name="Fill Text" owner="Browser">
<msg time="2026-08-28T01:20:48.390486" level="INFO">Fills the text 'admin@demo.com' in the given field.</msg>
<arg>id=email</arg>
<arg>${ADMIN_EMAIL}</arg>
<tag>PageContent</tag>
<tag>Setter</tag>
<doc>Clears and fills the given ``txt`` into the text field found by ``selector``.</doc>
<status status="PASS" start="2026-08-28T01:20:48.389891" elapsed="0.043105"/>
</kw>
<kw name="Fill Text" owner="Browser">
<msg time="2026-08-28T01:20:48.433942" level="INFO">Fills the text 'Demo@1234' in the given field.</msg>
<arg>id=password</arg>
<arg>${ADMIN_PASS}</arg>
<tag>PageContent</tag>
<tag>Setter</tag>
<doc>Clears and fills the given ``txt`` into the text field found by ``selector``.</doc>
<status status="PASS" start="2026-08-28T01:20:48.433291" elapsed="0.017079"/>
</kw>
<kw name="Click" owner="Browser">
<msg time="2026-08-28T01:20:48.451255" level="INFO">Clicks the element 'css=button[type="submit"]'.</msg>
<arg>css=button[type="submit"]</arg>
<tag>PageContent</tag>
<tag>Setter</tag>
<doc>Simulates mouse click on the element found by ``selector``.</doc>
<status status="PASS" start="2026-08-28T01:20:48.450629" elapsed="0.047016"/>
</kw>
<kw name="Wait For Load State" owner="Browser">
<msg time="2026-08-28T01:20:48.498552" level="INFO">Waiting page load to state to receive networkidle in 15000.0</msg>
<msg time="2026-08-28T01:20:49.767647" level="INFO">Load state networkidle got in 15000</msg>
<arg>networkidle</arg>
<arg>timeout=15s</arg>
<tag>PageContent</tag>
<tag>Wait</tag>
<doc>Waits until the page reaches the required load state.</doc>
<status status="PASS" start="2026-08-28T01:20:48.497857" elapsed="1.269964"/>
</kw>
<kw name="Get Url" owner="Browser">
<msg time="2026-08-28T01:20:49.770732" level="INFO">${url} = http://192.168.0.109:3001/dashboard</msg>
<var>${url}</var>
<tag>Assertion</tag>
<tag>Getter</tag>
<tag>PageContent</tag>
<doc>Returns the current URL.</doc>
<status status="PASS" start="2026-08-28T01:20:49.768022" elapsed="0.002761"/>
</kw>
<kw name="Should Not Contain" owner="BuiltIn">
<arg>${url}</arg>
<arg>/login</arg>
<doc>Fails if ``container`` contains ``item`` one or more times.</doc>
<status status="PASS" start="2026-08-28T01:20:49.770971" elapsed="0.000484"/>
</kw>
<status status="PASS" start="2026-08-28T01:20:48.088344" elapsed="1.683199"/>
</kw>
<kw name="Logout And Close" owner="common">
<kw name="Go To" owner="Browser">
<msg time="2026-08-28T01:20:49.819497" level="INFO">Successfully opened URL http://192.168.0.109:3001/api/auth/signout</msg>
<arg>${BASE_URL}/api/auth/signout</arg>
<tag>BrowserControl</tag>
<tag>Setter</tag>
<doc>Navigates to the given ``url``.</doc>
<status status="PASS" start="2026-08-28T01:20:49.771996" elapsed="0.047655"/>
</kw>
<kw name="Wait For Load State" owner="Browser">
<msg time="2026-08-28T01:20:49.820260" level="INFO">Waiting page load to state to receive networkidle in 15000.0</msg>
<msg time="2026-08-28T01:20:50.319494" level="INFO">Load state networkidle got in 15000</msg>
<arg>networkidle</arg>
<tag>PageContent</tag>
<tag>Wait</tag>
<doc>Waits until the page reaches the required load state.</doc>
<status status="PASS" start="2026-08-28T01:20:49.819820" elapsed="0.499817"/>
</kw>
<kw name="Close Context" owner="Browser">
<msg time="2026-08-28T01:20:50.321781" level="INFO">Switching browser to CURRENT</msg>
<msg time="2026-08-28T01:20:50.323531" level="INFO">Returned active browser id. CURRENT</msg>
<msg time="2026-08-28T01:20:50.325313" level="INFO">Switching context to CURRENT in CURRENT</msg>
<msg time="2026-08-28T01:20:50.328680" level="INFO">Returned active context id: CURRENT</msg>
<msg time="2026-08-28T01:20:50.329161" level="INFO">Switching context to context=b509d824-6060-4115-9498-b1c99089379d in CURRENT</msg>
<msg time="2026-08-28T01:20:50.332512" level="INFO">Successfully changed active context: context=b509d824-6060-4115-9498-b1c99089379d</msg>
<msg time="2026-08-28T01:20:50.337406" level="INFO">Successfully closed Context</msg>
<tag>BrowserControl</tag>
<tag>Setter</tag>
<doc>Closes a Context.</doc>
<status status="PASS" start="2026-08-28T01:20:50.319792" elapsed="0.017763"/>
</kw>
<status status="PASS" start="2026-08-28T01:20:49.771703" elapsed="0.565943"/>
</kw>
<kw name="New Context" owner="Browser">
<msg time="2026-08-28T01:20:50.338795" level="INFO">{
  "acceptDownloads": true,
  "bypassCSP": false,
  "forcedColors": "none",
  "ignoreHTTPSErrors": false,
  "javaScriptEnabled": true,
  "offline": false,
  "reducedMotion": "no-preference",
  "serviceWorkers": "allow",
  "viewport": {
    "width": 1280,
    "height": 800
  }
}</msg>
<msg time="2026-08-28T01:20:50.342740" level="INFO">Successfully created context. </msg>
<msg time="2026-08-28T01:20:50.342815" level="INFO">{'acceptDownloads': True, 'bypassCSP': False, 'forcedColors': 'none', 'ignoreHTTPSErrors': False, 'javaScriptEnabled': True, 'offline': False, 'reducedMotion': 'no-preference', 'serviceWorkers': 'allow', 'viewport': {'width': 1280, 'height': 800}}</msg>
<arg>viewport={'width': 1280, 'height': 800}</arg>
<tag>BrowserControl</tag>
<tag>Setter</tag>
<doc>Create a new BrowserContext with specified options.</doc>
<status status="PASS" start="2026-08-28T01:20:50.337777" elapsed="0.005097"/>
</kw>
<kw name="New Page" owner="Browser">
<msg time="2026-08-28T01:20:50.643592" level="INFO">Successfully initialized new page object and opened url: http://192.168.0.109:3001</msg>
<arg>${BASE_URL}</arg>
<tag>BrowserControl</tag>
<tag>Setter</tag>
<doc>Open a new Page.</doc>
<status status="PASS" start="2026-08-28T01:20:50.343039" elapsed="0.300756"/>
</kw>
<kw name="Wait For Load State" owner="Browser">
<msg time="2026-08-28T01:20:50.644351" level="INFO">Waiting page load to state to receive networkidle in 15000.0</msg>
<msg time="2026-08-28T01:20:51.249539" level="INFO">Load state networkidle got in 15000</msg>
<arg>networkidle</arg>
<tag>PageContent</tag>
<tag>Wait</tag>
<doc>Waits until the page reaches the required load state.</doc>
<status status="PASS" start="2026-08-28T01:20:50.643959" elapsed="0.605726"/>
</kw>
<kw name="Get Url" owner="Browser">
<msg time="2026-08-28T01:20:51.251766" level="INFO">${url} = http://192.168.0.109:3001/login</msg>
<var>${url}</var>
<tag>Assertion</tag>
<tag>Getter</tag>
<tag>PageContent</tag>
<doc>Returns the current URL.</doc>
<status status="PASS" start="2026-08-28T01:20:51.249852" elapsed="0.001946"/>
</kw>
<kw name="Should Contain" owner="BuiltIn">
<arg>${url}</arg>
<arg>/login</arg>
<doc>Fails if ``container`` does not contain ``item`` one or more times.</doc>
<status status="PASS" start="2026-08-28T01:20:51.251924" elapsed="0.000311"/>
</kw>
<kw name="Take Test Screenshot" owner="common">
<kw name="Take Screenshot" owner="Browser">
<msg time="2026-08-28T01:20:51.295093" level="INFO" html="true">&lt;/td&gt;&lt;/tr&gt;&lt;tr&gt;&lt;td colspan="3"&gt;&lt;a href="logout_success.png" target="_blank"&gt;&lt;img src="logout_success.png" style="max-width:800px;max-height:800px;"/&gt;&lt;/a&gt;</msg>
<arg>filename=/home/logesh/Coding/Projects/finance-tracker/tests/robot/resources/../results/${name}.png</arg>
<tag>PageContent</tag>
<doc>Takes a screenshot of the current window or element and saves it to disk.</doc>
<status status="PASS" start="2026-08-28T01:20:51.252582" elapsed="0.042662"/>
</kw>
<arg>logout_success</arg>
<status status="PASS" start="2026-08-28T01:20:51.252379" elapsed="0.042954"/>
</kw>
<kw name="Close Context" owner="Browser">
<msg time="2026-08-28T01:20:51.297276" level="INFO">Switching browser to CURRENT</msg>
<msg time="2026-08-28T01:20:51.298928" level="INFO">Returned active browser id. CURRENT</msg>
<msg time="2026-08-28T01:20:51.300324" level="INFO">Switching context to CURRENT in CURRENT</msg>
<msg time="2026-08-28T01:20:51.303505" level="INFO">Returned active context id: CURRENT</msg>
<msg time="2026-08-28T01:20:51.303957" level="INFO">Switching context to context=959fc2d8-9975-41de-b7d4-86e35f796729 in CURRENT</msg>
<msg time="2026-08-28T01:20:51.307237" level="INFO">Successfully changed active context: context=959fc2d8-9975-41de-b7d4-86e35f796729</msg>
<msg time="2026-08-28T01:20:51.311612" level="INFO">Successfully closed Context</msg>
<tag>BrowserControl</tag>
<tag>Setter</tag>
<doc>Closes a Context.</doc>
<status status="PASS" start="2026-08-28T01:20:51.295457" elapsed="0.016362"/>
</kw>
<status status="PASS" start="2026-08-28T01:20:48.085825" elapsed="3.226149"/>
</test>
<kw name="Close Browser" owner="Browser" type="TEARDOWN">
<msg time="2026-08-28T01:20:51.338776" level="INFO">Closed browser</msg>
<tag>BrowserControl</tag>
<tag>Setter</tag>
<doc>Closes the current browser.</doc>
<status status="PASS" start="2026-08-28T01:20:51.316867" elapsed="0.022056"/>
</kw>
<status status="PASS" start="2026-08-28T01:20:38.249507" elapsed="13.089480"/>
</suite>
<suite id="s1-s2" name="02 Admin" source="/home/logesh/Coding/Projects/finance-tracker/tests/robot/suites/02_admin.robot">
<kw name="Run Keywords" owner="BuiltIn" type="SETUP">
<kw name="Open App" owner="common">
<kw name="New Browser" owner="Browser">
<msg time="2026-08-28T01:20:51.351180" level="INFO">{"browser": "chromium", "headless": true, "chromiumSandbox": false, "devtools": false, "handleSIGHUP": true, "handleSIGINT": true, "handleSIGTERM": true, "slowMo": 0.0, "timeout": 30000.0, "tracesDir": "/home/logesh/Coding/Projects/finance-tracker/tests/robot/results/browser/traces/temp/40370de5-ee28-4c0c-9092-145d2c586018"}</msg>
<msg time="2026-08-28T01:20:51.408586" level="INFO">Successfully created browser with options: {"browser":"chromium","headless":true,"chromiumSandbox":false,"devtools":false,"handleSIGHUP":true,"handleSIGINT":true,"handleSIGTERM":true,"slowMo":0,"timeout":30000,"tracesDir":"/home/logesh/Coding/Projects/finance-tracker/tests/robot/results/browser/traces/temp/40370de5-ee28-4c0c-9092-145d2c586018"}</msg>
<arg>browser=${BROWSER}</arg>
<arg>headless=${HEADLESS}</arg>
<tag>BrowserControl</tag>
<tag>Setter</tag>
<doc>Create a new playwright Browser with specified options.</doc>
<status status="PASS" start="2026-08-28T01:20:51.350657" elapsed="0.058138"/>
</kw>
<status status="PASS" start="2026-08-28T01:20:51.350490" elapsed="0.058442"/>
</kw>
<kw name="Login As Admin" owner="common">
<kw name="New Context" owner="Browser">
<msg time="2026-08-28T01:20:51.412337" level="INFO">{
  "acceptDownloads": true,
  "bypassCSP": false,
  "forcedColors": "none",
  "ignoreHTTPSErrors": false,
  "javaScriptEnabled": true,
  "offline": false,
  "reducedMotion": "no-preference",
  "serviceWorkers": "allow",
  "viewport": {
    "width": 1280,
    "height": 800
  }
}</msg>
<msg time="2026-08-28T01:20:51.417461" level="INFO">Successfully created context. </msg>
<msg time="2026-08-28T01:20:51.417550" level="INFO">{'acceptDownloads': True, 'bypassCSP': False, 'forcedColors': 'none', 'ignoreHTTPSErrors': False, 'javaScriptEnabled': True, 'offline': False, 'reducedMotion': 'no-preference', 'serviceWorkers': 'allow', 'viewport': {'width': 1280, 'height': 800}}</msg>
<arg>viewport={'width': 1280, 'height': 800}</arg>
<tag>BrowserControl</tag>
<tag>Setter</tag>
<doc>Create a new BrowserContext with specified options.</doc>
<status status="PASS" start="2026-08-28T01:20:51.410750" elapsed="0.006861"/>
</kw>
<kw name="New Page" owner="Browser">
<msg time="2026-08-28T01:20:51.681986" level="INFO">Successfully initialized new page object and opened url: http://192.168.0.109:3001/login</msg>
<arg>${BASE_URL}/login</arg>
<tag>BrowserControl</tag>
<tag>Setter</tag>
<doc>Open a new Page.</doc>
<status status="PASS" start="2026-08-28T01:20:51.417778" elapsed="0.264385"/>
</kw>
<kw name="Wait For Elements State" owner="Browser">
<msg time="2026-08-28T01:20:51.736048" level="INFO">Waited for Element with selector id=email at state visible</msg>
<arg>id=email</arg>
<arg>visible</arg>
<arg>timeout=15s</arg>
<tag>PageContent</tag>
<tag>Wait</tag>
<doc>Waits for the element found by ``selector`` to satisfy state option.</doc>
<status status="PASS" start="2026-08-28T01:20:51.682315" elapsed="0.053891"/>
</kw>
<kw name="Fill Text" owner="Browser">
<msg time="2026-08-28T01:20:51.736746" level="INFO">Fills the text 'admin@demo.com' in the given field.</msg>
<arg>id=email</arg>
<arg>${ADMIN_EMAIL}</arg>
<tag>PageContent</tag>
<tag>Setter</tag>
<doc>Clears and fills the given ``txt`` into the text field found by ``selector``.</doc>
<status status="PASS" start="2026-08-28T01:20:51.736357" elapsed="0.045248"/>
</kw>
<kw name="Fill Text" owner="Browser">
<msg time="2026-08-28T01:20:51.782463" level="INFO">Fills the text 'Demo@1234' in the given field.</msg>
<arg>id=password</arg>
<arg>${ADMIN_PASS}</arg>
<tag>PageContent</tag>
<tag>Setter</tag>
<doc>Clears and fills the given ``txt`` into the text field found by ``selector``.</doc>
<status status="PASS" start="2026-08-28T01:20:51.781852" elapsed="0.012727"/>
</kw>
<kw name="Click" owner="Browser">
<msg time="2026-08-28T01:20:51.795468" level="INFO">Clicks the element 'css=button[type="submit"]'.</msg>
<arg>css=button[type="submit"]</arg>
<tag>PageContent</tag>
<tag>Setter</tag>
<doc>Simulates mouse click on the element found by ``selector``.</doc>
<status status="PASS" start="2026-08-28T01:20:51.794852" elapsed="0.413297"/>
</kw>
<kw name="Wait For Load State" owner="Browser">
<msg time="2026-08-28T01:20:52.209040" level="INFO">Waiting page load to state to receive networkidle in 15000.0</msg>
<msg time="2026-08-28T01:20:53.557575" level="INFO">Load state networkidle got in 15000</msg>
<arg>networkidle</arg>
<arg>timeout=15s</arg>
<tag>PageContent</tag>
<tag>Wait</tag>
<doc>Waits until the page reaches the required load state.</doc>
<status status="PASS" start="2026-08-28T01:20:52.208325" elapsed="1.349483"/>
</kw>
<kw name="Get Url" owner="Browser">
<msg time="2026-08-28T01:20:53.562246" level="INFO">${url} = http://192.168.0.109:3001/dashboard</msg>
<var>${url}</var>
<tag>Assertion</tag>
<tag>Getter</tag>
<tag>PageContent</tag>
<doc>Returns the current URL.</doc>
<status status="PASS" start="2026-08-28T01:20:53.558070" elapsed="0.004241"/>
</kw>
<kw name="Should Not Contain" owner="BuiltIn">
<arg>${url}</arg>
<arg>/login</arg>
<doc>Fails if ``container`` contains ``item`` one or more times.</doc>
<status status="PASS" start="2026-08-28T01:20:53.562543" elapsed="0.000557"/>
</kw>
<status status="PASS" start="2026-08-28T01:20:51.410309" elapsed="2.152924"/>
</kw>
<arg>Open App</arg>
<arg>AND</arg>
<arg>Login As Admin</arg>
<doc>Executes all the given keywords in a sequence.</doc>
<status status="PASS" start="2026-08-28T01:20:51.350019" elapsed="2.213289"/>
</kw>
<test id="s1-s2-t1" name="Admin Dashboard Loads" line="8">
<kw name="Navigate To" owner="common">
<kw name="Go To" owner="Browser">
<msg time="2026-08-28T01:20:53.766431" level="INFO">Successfully opened URL http://192.168.0.109:3001/dashboard</msg>
<arg>${BASE_URL}${path}</arg>
<tag>BrowserControl</tag>
<tag>Setter</tag>
<doc>Navigates to the given ``url``.</doc>
<status status="PASS" start="2026-08-28T01:20:53.571514" elapsed="0.195065"/>
</kw>
<kw name="Wait For Load State" owner="Browser">
<msg time="2026-08-28T01:20:53.767132" level="INFO">Waiting page load to state to receive networkidle in 15000.0</msg>
<msg time="2026-08-28T01:20:54.501032" level="INFO">Load state networkidle got in 15000</msg>
<arg>networkidle</arg>
<tag>PageContent</tag>
<tag>Wait</tag>
<doc>Waits until the page reaches the required load state.</doc>
<status status="PASS" start="2026-08-28T01:20:53.766744" elapsed="0.734505"/>
</kw>
<arg>/dashboard</arg>
<status status="PASS" start="2026-08-28T01:20:53.570993" elapsed="0.930392"/>
</kw>
<kw name="Wait For Elements State" owner="Browser">
<msg time="2026-08-28T01:20:54.529994" level="INFO">Waited for Element with selector h1 at state visible</msg>
<arg>h1</arg>
<arg>visible</arg>
<tag>PageContent</tag>
<tag>Wait</tag>
<doc>Waits for the element found by ``selector`` to satisfy state option.</doc>
<status status="PASS" start="2026-08-28T01:20:54.501580" elapsed="0.028577"/>
</kw>
<kw name="Take Test Screenshot" owner="common">
<kw name="Take Screenshot" owner="Browser">
<msg time="2026-08-28T01:20:54.572054" level="INFO" html="true">&lt;/td&gt;&lt;/tr&gt;&lt;tr&gt;&lt;td colspan="3"&gt;&lt;a href="admin_dashboard.png" target="_blank"&gt;&lt;img src="admin_dashboard.png" style="max-width:800px;max-height:800px;"/&gt;&lt;/a&gt;</msg>
<arg>filename=/home/logesh/Coding/Projects/finance-tracker/tests/robot/resources/../results/${name}.png</arg>
<tag>PageContent</tag>
<doc>Takes a screenshot of the current window or element and saves it to disk.</doc>
<status status="PASS" start="2026-08-28T01:20:54.530664" elapsed="0.041563"/>
</kw>
<arg>admin_dashboard</arg>
<status status="PASS" start="2026-08-28T01:20:54.530367" elapsed="0.041943"/>
</kw>
<status status="PASS" start="2026-08-28T01:20:53.563409" elapsed="1.008989"/>
</test>
<test id="s1-s2-t2" name="Admin Dashboard Period Toggle Daily" line="13">
<kw name="Navigate To" owner="common">
<kw name="Go To" owner="Browser">
<msg time="2026-08-28T01:20:54.779699" level="INFO">Successfully opened URL http://192.168.0.109:3001/dashboard</msg>
<arg>${BASE_URL}${path}</arg>
<tag>BrowserControl</tag>
<tag>Setter</tag>
<doc>Navigates to the given ``url``.</doc>
<status status="PASS" start="2026-08-28T01:20:54.583575" elapsed="0.196346"/>
</kw>
<kw name="Wait For Load State" owner="Browser">
<msg time="2026-08-28T01:20:54.780494" level="INFO">Waiting page load to state to receive networkidle in 15000.0</msg>
<msg time="2026-08-28T01:20:55.464024" level="INFO">Load state networkidle got in 15000</msg>
<arg>networkidle</arg>
<tag>PageContent</tag>
<tag>Wait</tag>
<doc>Waits until the page reaches the required load state.</doc>
<status status="PASS" start="2026-08-28T01:20:54.780105" elapsed="0.684264"/>
</kw>
<arg>/dashboard</arg>
<status status="PASS" start="2026-08-28T01:20:54.583271" elapsed="0.881339"/>
</kw>
<kw name="Click" owner="Browser">
<msg time="2026-08-28T01:20:55.465930" level="INFO">Clicks the element 'role=button[name="Daily"]'.</msg>
<arg>role=button[name="Daily"]</arg>
<tag>PageContent</tag>
<tag>Setter</tag>
<doc>Simulates mouse click on the element found by ``selector``.</doc>
<status status="PASS" start="2026-08-28T01:20:55.464928" elapsed="0.150528"/>
</kw>
<kw name="Wait For Load State" owner="Browser">
<msg time="2026-08-28T01:20:55.615999" level="INFO">Waiting page load to state to receive networkidle in 15000.0</msg>
<msg time="2026-08-28T01:20:55.617951" level="INFO">Load state networkidle got in 15000</msg>
<arg>networkidle</arg>
<tag>PageContent</tag>
<tag>Wait</tag>
<doc>Waits until the page reaches the required load state.</doc>
<status status="PASS" start="2026-08-28T01:20:55.615636" elapsed="0.002427"/>
</kw>
<kw name="Take Test Screenshot" owner="common">
<kw name="Take Screenshot" owner="Browser">
<msg time="2026-08-28T01:20:55.701084" level="INFO" html="true">&lt;/td&gt;&lt;/tr&gt;&lt;tr&gt;&lt;td colspan="3"&gt;&lt;a href="admin_dashboard_daily.png" target="_blank"&gt;&lt;img src="admin_dashboard_daily.png" style="max-width:800px;max-height:800px;"/&gt;&lt;/a&gt;</msg>
<arg>filename=/home/logesh/Coding/Projects/finance-tracker/tests/robot/resources/../results/${name}.png</arg>
<tag>PageContent</tag>
<doc>Takes a screenshot of the current window or element and saves it to disk.</doc>
<status status="PASS" start="2026-08-28T01:20:55.618517" elapsed="0.082705"/>
</kw>
<arg>admin_dashboard_daily</arg>
<status status="PASS" start="2026-08-28T01:20:55.618241" elapsed="0.083063"/>
</kw>
<status status="PASS" start="2026-08-28T01:20:54.579302" elapsed="1.122094"/>
</test>
<test id="s1-s2-t3" name="Admin Dashboard Period Toggle Monthly" line="19">
<kw name="Navigate To" owner="common">
<kw name="Go To" owner="Browser">
<msg time="2026-08-28T01:20:55.912715" level="INFO">Successfully opened URL http://192.168.0.109:3001/dashboard</msg>
<arg>${BASE_URL}${path}</arg>
<tag>BrowserControl</tag>
<tag>Setter</tag>
<doc>Navigates to the given ``url``.</doc>
<status status="PASS" start="2026-08-28T01:20:55.708908" elapsed="0.204015"/>
</kw>
<kw name="Wait For Load State" owner="Browser">
<msg time="2026-08-28T01:20:55.913576" level="INFO">Waiting page load to state to receive networkidle in 15000.0</msg>
<msg time="2026-08-28T01:20:56.604911" level="INFO">Load state networkidle got in 15000</msg>
<arg>networkidle</arg>
<tag>PageContent</tag>
<tag>Wait</tag>
<doc>Waits until the page reaches the required load state.</doc>
<status status="PASS" start="2026-08-28T01:20:55.913106" elapsed="0.691970"/>
</kw>
<arg>/dashboard</arg>
<status status="PASS" start="2026-08-28T01:20:55.708548" elapsed="0.896650"/>
</kw>
<kw name="Click" owner="Browser">
<msg time="2026-08-28T01:20:56.605873" level="INFO">Clicks the element 'role=button[name="Monthly"]'.</msg>
<arg>role=button[name="Monthly"]</arg>
<tag>PageContent</tag>
<tag>Setter</tag>
<doc>Simulates mouse click on the element found by ``selector``.</doc>
<status status="PASS" start="2026-08-28T01:20:56.605345" elapsed="0.061721"/>
</kw>
<kw name="Wait For Load State" owner="Browser">
<msg time="2026-08-28T01:20:56.667628" level="INFO">Waiting page load to state to receive networkidle in 15000.0</msg>
<msg time="2026-08-28T01:20:56.669318" level="INFO">Load state networkidle got in 15000</msg>
<arg>networkidle</arg>
<tag>PageContent</tag>
<tag>Wait</tag>
<doc>Waits until the page reaches the required load state.</doc>
<status status="PASS" start="2026-08-28T01:20:56.667249" elapsed="0.002174"/>
</kw>
<kw name="Take Test Screenshot" owner="common">
<kw name="Take Screenshot" owner="Browser">
<msg time="2026-08-28T01:20:56.721745" level="INFO" html="true">&lt;/td&gt;&lt;/tr&gt;&lt;tr&gt;&lt;td colspan="3"&gt;&lt;a href="admin_dashboard_monthly.png" target="_blank"&gt;&lt;img src="admin_dashboard_monthly.png" style="max-width:800px;max-height:800px;"/&gt;&lt;/a&gt;</msg>
<arg>filename=/home/logesh/Coding/Projects/finance-tracker/tests/robot/resources/../results/${name}.png</arg>
<tag>PageContent</tag>
<doc>Takes a screenshot of the current window or element and saves it to disk.</doc>
<status status="PASS" start="2026-08-28T01:20:56.669830" elapsed="0.052026"/>
</kw>
<arg>admin_dashboard_monthly</arg>
<status status="PASS" start="2026-08-28T01:20:56.669589" elapsed="0.052352"/>
</kw>
<status status="PASS" start="2026-08-28T01:20:55.705637" elapsed="1.016391"/>
</test>
<test id="s1-s2-t4" name="Admin Dashboard Period Toggle Yearly" line="25">
<kw name="Navigate To" owner="common">
<kw name="Go To" owner="Browser">
<msg time="2026-08-28T01:20:56.934454" level="INFO">Successfully opened URL http://192.168.0.109:3001/dashboard</msg>
<arg>${BASE_URL}${path}</arg>
<tag>BrowserControl</tag>
<tag>Setter</tag>
<doc>Navigates to the given ``url``.</doc>
<status status="PASS" start="2026-08-28T01:20:56.731355" elapsed="0.203250"/>
</kw>
<kw name="Wait For Load State" owner="Browser">
<msg time="2026-08-28T01:20:56.935384" level="INFO">Waiting page load to state to receive networkidle in 15000.0</msg>
<msg time="2026-08-28T01:20:57.639497" level="INFO">Load state networkidle got in 15000</msg>
<arg>networkidle</arg>
<tag>PageContent</tag>
<tag>Wait</tag>
<doc>Waits until the page reaches the required load state.</doc>
<status status="PASS" start="2026-08-28T01:20:56.934772" elapsed="0.704918"/>
</kw>
<arg>/dashboard</arg>
<status status="PASS" start="2026-08-28T01:20:56.731050" elapsed="0.908813"/>
</kw>
<kw name="Click" owner="Browser">
<msg time="2026-08-28T01:20:57.640841" level="INFO">Clicks the element 'role=button[name="Yearly"]'.</msg>
<arg>role=button[name="Yearly"]</arg>
<tag>PageContent</tag>
<tag>Setter</tag>
<doc>Simulates mouse click on the element found by ``selector``.</doc>
<status status="PASS" start="2026-08-28T01:20:57.640095" elapsed="0.149860"/>
</kw>
<kw name="Wait For Load State" owner="Browser">
<msg time="2026-08-28T01:20:57.790523" level="INFO">Waiting page load to state to receive networkidle in 15000.0</msg>
<msg time="2026-08-28T01:20:57.792924" level="INFO">Load state networkidle got in 15000</msg>
<arg>networkidle</arg>
<tag>PageContent</tag>
<tag>Wait</tag>
<doc>Waits until the page reaches the required load state.</doc>
<status status="PASS" start="2026-08-28T01:20:57.790143" elapsed="0.002907"/>
</kw>
<kw name="Take Test Screenshot" owner="common">
<kw name="Take Screenshot" owner="Browser">
<msg time="2026-08-28T01:20:57.901293" level="INFO" html="true">&lt;/td&gt;&lt;/tr&gt;&lt;tr&gt;&lt;td colspan="3"&gt;&lt;a href="admin_dashboard_yearly.png" target="_blank"&gt;&lt;img src="admin_dashboard_yearly.png" style="max-width:800px;max-height:800px;"/&gt;&lt;/a&gt;</msg>
<arg>filename=/home/logesh/Coding/Projects/finance-tracker/tests/robot/resources/../results/${name}.png</arg>
<tag>PageContent</tag>
<doc>Takes a screenshot of the current window or element and saves it to disk.</doc>
<status status="PASS" start="2026-08-28T01:20:57.793492" elapsed="0.107979"/>
</kw>
<arg>admin_dashboard_yearly</arg>
<status status="PASS" start="2026-08-28T01:20:57.793239" elapsed="0.108321"/>
</kw>
<status status="PASS" start="2026-08-28T01:20:56.727461" elapsed="1.174193"/>
</test>
<test id="s1-s2-t5" name="Admin Customers Page Loads" line="31">
<kw name="Navigate To" owner="common">
<kw name="Go To" owner="Browser">
<msg time="2026-08-28T01:20:58.125767" level="INFO">Successfully opened URL http://192.168.0.109:3001/admin/customers</msg>
<arg>${BASE_URL}${path}</arg>
<tag>BrowserControl</tag>
<tag>Setter</tag>
<doc>Navigates to the given ``url``.</doc>
<status status="PASS" start="2026-08-28T01:20:57.913738" elapsed="0.212182"/>
</kw>
<kw name="Wait For Load State" owner="Browser">
<msg time="2026-08-28T01:20:58.126488" level="INFO">Waiting page load to state to receive networkidle in 15000.0</msg>
<msg time="2026-08-28T01:20:58.765847" level="INFO">Load state networkidle got in 15000</msg>
<arg>networkidle</arg>
<tag>PageContent</tag>
<tag>Wait</tag>
<doc>Waits until the page reaches the required load state.</doc>
<status status="PASS" start="2026-08-28T01:20:58.126087" elapsed="0.639934"/>
</kw>
<arg>/admin/customers</arg>
<status status="PASS" start="2026-08-28T01:20:57.913416" elapsed="0.852696"/>
</kw>
<kw name="Wait For Elements State" owner="Browser">
<msg time="2026-08-28T01:20:58.785898" level="INFO">Waited for Element with selector h1 at state visible</msg>
<arg>h1</arg>
<arg>visible</arg>
<tag>PageContent</tag>
<tag>Wait</tag>
<doc>Waits for the element found by ``selector`` to satisfy state option.</doc>
<status status="PASS" start="2026-08-28T01:20:58.766251" elapsed="0.019839"/>
</kw>
<kw name="Take Test Screenshot" owner="common">
<kw name="Take Screenshot" owner="Browser">
<msg time="2026-08-28T01:20:58.826525" level="INFO" html="true">&lt;/td&gt;&lt;/tr&gt;&lt;tr&gt;&lt;td colspan="3"&gt;&lt;a href="admin_customers.png" target="_blank"&gt;&lt;img src="admin_customers.png" style="max-width:800px;max-height:800px;"/&gt;&lt;/a&gt;</msg>
<arg>filename=/home/logesh/Coding/Projects/finance-tracker/tests/robot/resources/../results/${name}.png</arg>
<tag>PageContent</tag>
<doc>Takes a screenshot of the current window or element and saves it to disk.</doc>
<status status="PASS" start="2026-08-28T01:20:58.786631" elapsed="0.040008"/>
</kw>
<arg>admin_customers</arg>
<status status="PASS" start="2026-08-28T01:20:58.786338" elapsed="0.040384"/>
</kw>
<status status="PASS" start="2026-08-28T01:20:57.906384" elapsed="0.920419"/>
</test>
<test id="s1-s2-t6" name="Admin Loans Page Loads" line="36">
<kw name="Navigate To" owner="common">
<kw name="Go To" owner="Browser">
<msg time="2026-08-28T01:20:59.035211" level="INFO">Successfully opened URL http://192.168.0.109:3001/admin/loans</msg>
<arg>${BASE_URL}${path}</arg>
<tag>BrowserControl</tag>
<tag>Setter</tag>
<doc>Navigates to the given ``url``.</doc>
<status status="PASS" start="2026-08-28T01:20:58.835048" elapsed="0.200419"/>
</kw>
<kw name="Wait For Load State" owner="Browser">
<msg time="2026-08-28T01:20:59.036140" level="INFO">Waiting page load to state to receive networkidle in 15000.0</msg>
<msg time="2026-08-28T01:20:59.666427" level="INFO">Load state networkidle got in 15000</msg>
<arg>networkidle</arg>
<tag>PageContent</tag>
<tag>Wait</tag>
<doc>Waits until the page reaches the required load state.</doc>
<status status="PASS" start="2026-08-28T01:20:59.035707" elapsed="0.631024"/>
</kw>
<arg>/admin/loans</arg>
<status status="PASS" start="2026-08-28T01:20:58.834751" elapsed="0.832192"/>
</kw>
<kw name="Wait For Elements State" owner="Browser">
<msg time="2026-08-28T01:20:59.697663" level="INFO">Waited for Element with selector h1 at state visible</msg>
<arg>h1</arg>
<arg>visible</arg>
<tag>PageContent</tag>
<tag>Wait</tag>
<doc>Waits for the element found by ``selector`` to satisfy state option.</doc>
<status status="PASS" start="2026-08-28T01:20:59.667262" elapsed="0.030576"/>
</kw>
<kw name="Take Test Screenshot" owner="common">
<kw name="Take Screenshot" owner="Browser">
<msg time="2026-08-28T01:20:59.737427" level="INFO" html="true">&lt;/td&gt;&lt;/tr&gt;&lt;tr&gt;&lt;td colspan="3"&gt;&lt;a href="admin_loans.png" target="_blank"&gt;&lt;img src="admin_loans.png" style="max-width:800px;max-height:800px;"/&gt;&lt;/a&gt;</msg>
<arg>filename=/home/logesh/Coding/Projects/finance-tracker/tests/robot/resources/../results/${name}.png</arg>
<tag>PageContent</tag>
<doc>Takes a screenshot of the current window or element and saves it to disk.</doc>
<status status="PASS" start="2026-08-28T01:20:59.698478" elapsed="0.039061"/>
</kw>
<arg>admin_loans</arg>
<status status="PASS" start="2026-08-28T01:20:59.698072" elapsed="0.039549"/>
</kw>
<status status="PASS" start="2026-08-28T01:20:58.831080" elapsed="0.906623"/>
</test>
<test id="s1-s2-t7" name="Admin Collections Page Loads" line="41">
<kw name="Navigate To" owner="common">
<kw name="Go To" owner="Browser">
<msg time="2026-08-28T01:20:59.925136" level="INFO">Successfully opened URL http://192.168.0.109:3001/admin/collections</msg>
<arg>${BASE_URL}${path}</arg>
<tag>BrowserControl</tag>
<tag>Setter</tag>
<doc>Navigates to the given ``url``.</doc>
<status status="PASS" start="2026-08-28T01:20:59.746502" elapsed="0.178786"/>
</kw>
<kw name="Wait For Load State" owner="Browser">
<msg time="2026-08-28T01:20:59.925880" level="INFO">Waiting page load to state to receive networkidle in 15000.0</msg>
<msg time="2026-08-28T01:21:00.542172" level="INFO">Load state networkidle got in 15000</msg>
<arg>networkidle</arg>
<tag>PageContent</tag>
<tag>Wait</tag>
<doc>Waits until the page reaches the required load state.</doc>
<status status="PASS" start="2026-08-28T01:20:59.925449" elapsed="0.617026"/>
</kw>
<arg>/admin/collections</arg>
<status status="PASS" start="2026-08-28T01:20:59.746198" elapsed="0.796488"/>
</kw>
<kw name="Wait For Elements State" owner="Browser">
<msg time="2026-08-28T01:21:00.570047" level="INFO">Waited for Element with selector h1 at state visible</msg>
<arg>h1</arg>
<arg>visible</arg>
<tag>PageContent</tag>
<tag>Wait</tag>
<doc>Waits for the element found by ``selector`` to satisfy state option.</doc>
<status status="PASS" start="2026-08-28T01:21:00.542990" elapsed="0.027221"/>
</kw>
<kw name="Take Test Screenshot" owner="common">
<kw name="Take Screenshot" owner="Browser">
<msg time="2026-08-28T01:21:00.620444" level="INFO" html="true">&lt;/td&gt;&lt;/tr&gt;&lt;tr&gt;&lt;td colspan="3"&gt;&lt;a href="admin_collections.png" target="_blank"&gt;&lt;img src="admin_collections.png" style="max-width:800px;max-height:800px;"/&gt;&lt;/a&gt;</msg>
<arg>filename=/home/logesh/Coding/Projects/finance-tracker/tests/robot/resources/../results/${name}.png</arg>
<tag>PageContent</tag>
<doc>Takes a screenshot of the current window or element and saves it to disk.</doc>
<status status="PASS" start="2026-08-28T01:21:00.570685" elapsed="0.049875"/>
</kw>
<arg>admin_collections</arg>
<status status="PASS" start="2026-08-28T01:21:00.570407" elapsed="0.050236"/>
</kw>
<status status="PASS" start="2026-08-28T01:20:59.742067" elapsed="0.878664"/>
</test>
<test id="s1-s2-t8" name="Admin Loan Requests Page Loads" line="46">
<kw name="Navigate To" owner="common">
<kw name="Go To" owner="Browser">
<msg time="2026-08-28T01:21:00.808920" level="INFO">Successfully opened URL http://192.168.0.109:3001/admin/loan-requests</msg>
<arg>${BASE_URL}${path}</arg>
<tag>BrowserControl</tag>
<tag>Setter</tag>
<doc>Navigates to the given ``url``.</doc>
<status status="PASS" start="2026-08-28T01:21:00.629794" elapsed="0.179347"/>
</kw>
<kw name="Wait For Load State" owner="Browser">
<msg time="2026-08-28T01:21:00.809922" level="INFO">Waiting page load to state to receive networkidle in 15000.0</msg>
<msg time="2026-08-28T01:21:01.414962" level="INFO">Load state networkidle got in 15000</msg>
<arg>networkidle</arg>
<tag>PageContent</tag>
<tag>Wait</tag>
<doc>Waits until the page reaches the required load state.</doc>
<status status="PASS" start="2026-08-28T01:21:00.809364" elapsed="0.605921"/>
</kw>
<arg>/admin/loan-requests</arg>
<status status="PASS" start="2026-08-28T01:21:00.629498" elapsed="0.786133"/>
</kw>
<kw name="Wait For Elements State" owner="Browser">
<msg time="2026-08-28T01:21:01.451065" level="INFO">Waited for Element with selector h1 at state visible</msg>
<arg>h1</arg>
<arg>visible</arg>
<tag>PageContent</tag>
<tag>Wait</tag>
<doc>Waits for the element found by ``selector`` to satisfy state option.</doc>
<status status="PASS" start="2026-08-28T01:21:01.415954" elapsed="0.035323"/>
</kw>
<kw name="Take Test Screenshot" owner="common">
<kw name="Take Screenshot" owner="Browser">
<msg time="2026-08-28T01:21:01.488475" level="INFO" html="true">&lt;/td&gt;&lt;/tr&gt;&lt;tr&gt;&lt;td colspan="3"&gt;&lt;a href="admin_loan_requests.png" target="_blank"&gt;&lt;img src="admin_loan_requests.png" style="max-width:800px;max-height:800px;"/&gt;&lt;/a&gt;</msg>
<arg>filename=/home/logesh/Coding/Projects/finance-tracker/tests/robot/resources/../results/${name}.png</arg>
<tag>PageContent</tag>
<doc>Takes a screenshot of the current window or element and saves it to disk.</doc>
<status status="PASS" start="2026-08-28T01:21:01.451920" elapsed="0.036673"/>
</kw>
<arg>admin_loan_requests</arg>
<status status="PASS" start="2026-08-28T01:21:01.451536" elapsed="0.037142"/>
</kw>
<status status="PASS" start="2026-08-28T01:21:00.625431" elapsed="0.863333"/>
</test>
<test id="s1-s2-t9" name="Admin Attendance Page Loads" line="51">
<kw name="Navigate To" owner="common">
<kw name="Go To" owner="Browser">
<msg time="2026-08-28T01:21:01.680160" level="INFO">Successfully opened URL http://192.168.0.109:3001/admin/attendance</msg>
<arg>${BASE_URL}${path}</arg>
<tag>BrowserControl</tag>
<tag>Setter</tag>
<doc>Navigates to the given ``url``.</doc>
<status status="PASS" start="2026-08-28T01:21:01.498995" elapsed="0.181310"/>
</kw>
<kw name="Wait For Load State" owner="Browser">
<msg time="2026-08-28T01:21:01.680990" level="INFO">Waiting page load to state to receive networkidle in 15000.0</msg>
<msg time="2026-08-28T01:21:02.279391" level="INFO">Load state networkidle got in 15000</msg>
<arg>networkidle</arg>
<tag>PageContent</tag>
<tag>Wait</tag>
<doc>Waits until the page reaches the required load state.</doc>
<status status="PASS" start="2026-08-28T01:21:01.680483" elapsed="0.599256"/>
</kw>
<arg>/admin/attendance</arg>
<status status="PASS" start="2026-08-28T01:21:01.498677" elapsed="0.781300"/>
</kw>
<kw name="Wait For Elements State" owner="Browser">
<msg time="2026-08-28T01:21:02.308641" level="INFO">Waited for Element with selector h1 at state visible</msg>
<arg>h1</arg>
<arg>visible</arg>
<tag>PageContent</tag>
<tag>Wait</tag>
<doc>Waits for the element found by ``selector`` to satisfy state option.</doc>
<status status="PASS" start="2026-08-28T01:21:02.280311" elapsed="0.028488"/>
</kw>
<kw name="Take Test Screenshot" owner="common">
<kw name="Take Screenshot" owner="Browser">
<msg time="2026-08-28T01:21:02.349100" level="INFO" html="true">&lt;/td&gt;&lt;/tr&gt;&lt;tr&gt;&lt;td colspan="3"&gt;&lt;a href="admin_attendance.png" target="_blank"&gt;&lt;img src="admin_attendance.png" style="max-width:800px;max-height:800px;"/&gt;&lt;/a&gt;</msg>
<arg>filename=/home/logesh/Coding/Projects/finance-tracker/tests/robot/resources/../results/${name}.png</arg>
<tag>PageContent</tag>
<doc>Takes a screenshot of the current window or element and saves it to disk.</doc>
<status status="PASS" start="2026-08-28T01:21:02.309281" elapsed="0.039955"/>
</kw>
<arg>admin_attendance</arg>
<status status="PASS" start="2026-08-28T01:21:02.308990" elapsed="0.040330"/>
</kw>
<status status="PASS" start="2026-08-28T01:21:01.494752" elapsed="0.854659"/>
</test>
<test id="s1-s2-t10" name="Admin Reconciliation Page Loads" line="56">
<kw name="Navigate To" owner="common">
<kw name="Go To" owner="Browser">
<msg time="2026-08-28T01:21:02.534800" level="INFO">Successfully opened URL http://192.168.0.109:3001/admin/reconciliation</msg>
<arg>${BASE_URL}${path}</arg>
<tag>BrowserControl</tag>
<tag>Setter</tag>
<doc>Navigates to the given ``url``.</doc>
<status status="PASS" start="2026-08-28T01:21:02.357819" elapsed="0.177128"/>
</kw>
<kw name="Wait For Load State" owner="Browser">
<msg time="2026-08-28T01:21:02.535555" level="INFO">Waiting page load to state to receive networkidle in 15000.0</msg>
<msg time="2026-08-28T01:21:03.139661" level="INFO">Load state networkidle got in 15000</msg>
<arg>networkidle</arg>
<tag>PageContent</tag>
<tag>Wait</tag>
<doc>Waits until the page reaches the required load state.</doc>
<status status="PASS" start="2026-08-28T01:21:02.535104" elapsed="0.604848"/>
</kw>
<arg>/admin/reconciliation</arg>
<status status="PASS" start="2026-08-28T01:21:02.357532" elapsed="0.782651"/>
</kw>
<kw name="Wait For Elements State" owner="Browser">
<msg time="2026-08-28T01:21:03.167492" level="INFO">Waited for Element with selector h1 at state visible</msg>
<arg>h1</arg>
<arg>visible</arg>
<tag>PageContent</tag>
<tag>Wait</tag>
<doc>Waits for the element found by ``selector`` to satisfy state option.</doc>
<status status="PASS" start="2026-08-28T01:21:03.140486" elapsed="0.027231"/>
</kw>
<kw name="Take Test Screenshot" owner="common">
<kw name="Take Screenshot" owner="Browser">
<msg time="2026-08-28T01:21:03.198301" level="INFO" html="true">&lt;/td&gt;&lt;/tr&gt;&lt;tr&gt;&lt;td colspan="3"&gt;&lt;a href="admin_reconciliation.png" target="_blank"&gt;&lt;img src="admin_reconciliation.png" style="max-width:800px;max-height:800px;"/&gt;&lt;/a&gt;</msg>
<arg>filename=/home/logesh/Coding/Projects/finance-tracker/tests/robot/resources/../results/${name}.png</arg>
<tag>PageContent</tag>
<doc>Takes a screenshot of the current window or element and saves it to disk.</doc>
<status status="PASS" start="2026-08-28T01:21:03.168537" elapsed="0.029877"/>
</kw>
<arg>admin_reconciliation</arg>
<status status="PASS" start="2026-08-28T01:21:03.168030" elapsed="0.030476"/>
</kw>
<status status="PASS" start="2026-08-28T01:21:02.353983" elapsed="0.844614"/>
</test>
<test id="s1-s2-t11" name="Admin Reports Page Loads" line="61">
<kw name="Navigate To" owner="common">
<kw name="Go To" owner="Browser">
<msg time="2026-08-28T01:21:03.381361" level="INFO">Successfully opened URL http://192.168.0.109:3001/admin/reports</msg>
<arg>${BASE_URL}${path}</arg>
<tag>BrowserControl</tag>
<tag>Setter</tag>
<doc>Navigates to the given ``url``.</doc>
<status status="PASS" start="2026-08-28T01:21:03.206964" elapsed="0.174544"/>
</kw>
<kw name="Wait For Load State" owner="Browser">
<msg time="2026-08-28T01:21:03.382196" level="INFO">Waiting page load to state to receive networkidle in 15000.0</msg>
<msg time="2026-08-28T01:21:03.989067" level="INFO">Load state networkidle got in 15000</msg>
<arg>networkidle</arg>
<tag>PageContent</tag>
<tag>Wait</tag>
<doc>Waits until the page reaches the required load state.</doc>
<status status="PASS" start="2026-08-28T01:21:03.381683" elapsed="0.607710"/>
</kw>
<arg>/admin/reports</arg>
<status status="PASS" start="2026-08-28T01:21:03.206676" elapsed="0.782926"/>
</kw>
<kw name="Wait For Elements State" owner="Browser">
<msg time="2026-08-28T01:21:04.019718" level="INFO">Waited for Element with selector h1 at state visible</msg>
<arg>h1</arg>
<arg>visible</arg>
<tag>PageContent</tag>
<tag>Wait</tag>
<doc>Waits for the element found by ``selector`` to satisfy state option.</doc>
<status status="PASS" start="2026-08-28T01:21:03.989904" elapsed="0.029956"/>
</kw>
<kw name="Take Test Screenshot" owner="common">
<kw name="Take Screenshot" owner="Browser">
<msg time="2026-08-28T01:21:04.067922" level="INFO" html="true">&lt;/td&gt;&lt;/tr&gt;&lt;tr&gt;&lt;td colspan="3"&gt;&lt;a href="admin_reports.png" target="_blank"&gt;&lt;img src="admin_reports.png" style="max-width:800px;max-height:800px;"/&gt;&lt;/a&gt;</msg>
<arg>filename=/home/logesh/Coding/Projects/finance-tracker/tests/robot/resources/../results/${name}.png</arg>
<tag>PageContent</tag>
<doc>Takes a screenshot of the current window or element and saves it to disk.</doc>
<status status="PASS" start="2026-08-28T01:21:04.020326" elapsed="0.047709"/>
</kw>
<arg>admin_reports</arg>
<status status="PASS" start="2026-08-28T01:21:04.020046" elapsed="0.048146"/>
</kw>
<status status="PASS" start="2026-08-28T01:21:03.203113" elapsed="0.865181"/>
</test>
<test id="s1-s2-t12" name="Admin Notification Bell Visible" line="66">
<kw name="Navigate To" owner="common">
<kw name="Go To" owner="Browser">
<msg time="2026-08-28T01:21:04.349834" level="INFO">Successfully opened URL http://192.168.0.109:3001/dashboard</msg>
<arg>${BASE_URL}${path}</arg>
<tag>BrowserControl</tag>
<tag>Setter</tag>
<doc>Navigates to the given ``url``.</doc>
<status status="PASS" start="2026-08-28T01:21:04.078493" elapsed="0.271504"/>
</kw>
<kw name="Wait For Load State" owner="Browser">
<msg time="2026-08-28T01:21:04.350691" level="INFO">Waiting page load to state to receive networkidle in 15000.0</msg>
<msg time="2026-08-28T01:21:05.036538" level="INFO">Load state networkidle got in 15000</msg>
<arg>networkidle</arg>
<tag>PageContent</tag>
<tag>Wait</tag>
<doc>Waits until the page reaches the required load state.</doc>
<status status="PASS" start="2026-08-28T01:21:04.350172" elapsed="0.686580"/>
</kw>
<arg>/dashboard</arg>
<status status="PASS" start="2026-08-28T01:21:04.078177" elapsed="0.958719"/>
</kw>
<kw name="Wait For Load State" owner="Browser">
<msg time="2026-08-28T01:21:05.037728" level="INFO">Waiting page load to state to receive networkidle in 15000.0</msg>
<msg time="2026-08-28T01:21:05.041172" level="INFO">Load state networkidle got in 15000</msg>
<arg>networkidle</arg>
<tag>PageContent</tag>
<tag>Wait</tag>
<doc>Waits until the page reaches the required load state.</doc>
<status status="PASS" start="2026-08-28T01:21:05.037101" elapsed="0.004267"/>
</kw>
<kw name="Wait For Elements State" owner="Browser">
<msg time="2026-08-28T01:21:05.070236" level="INFO">Waited for Element with selector css=div.relative &gt; button &gt;&gt; nth=0 at state visible</msg>
<arg>css=div.relative &gt; button &gt;&gt; nth=0</arg>
<arg>visible</arg>
<arg>timeout=10s</arg>
<tag>PageContent</tag>
<tag>Wait</tag>
<doc>Waits for the element found by ``selector`` to satisfy state option.</doc>
<status status="PASS" start="2026-08-28T01:21:05.041631" elapsed="0.028754"/>
</kw>
<kw name="Take Test Screenshot" owner="common">
<kw name="Take Screenshot" owner="Browser">
<msg time="2026-08-28T01:21:05.119124" level="INFO" html="true">&lt;/td&gt;&lt;/tr&gt;&lt;tr&gt;&lt;td colspan="3"&gt;&lt;a href="admin_notification_bell.png" target="_blank"&gt;&lt;img src="admin_notification_bell.png" style="max-width:800px;max-height:800px;"/&gt;&lt;/a&gt;</msg>
<arg>filename=/home/logesh/Coding/Projects/finance-tracker/tests/robot/resources/../results/${name}.png</arg>
<tag>PageContent</tag>
<doc>Takes a screenshot of the current window or element and saves it to disk.</doc>
<status status="PASS" start="2026-08-28T01:21:05.070864" elapsed="0.048389"/>
</kw>
<arg>admin_notification_bell</arg>
<status status="PASS" start="2026-08-28T01:21:05.070585" elapsed="0.048755"/>
</kw>
<status status="PASS" start="2026-08-28T01:21:04.073880" elapsed="1.045551"/>
</test>
<test id="s1-s2-t13" name="Admin Can Open Create Loan Dialog" line="73">
<kw name="Navigate To" owner="common">
<kw name="Go To" owner="Browser">
<msg time="2026-08-28T01:21:05.329086" level="INFO">Successfully opened URL http://192.168.0.109:3001/admin/loans</msg>
<arg>${BASE_URL}${path}</arg>
<tag>BrowserControl</tag>
<tag>Setter</tag>
<doc>Navigates to the given ``url``.</doc>
<status status="PASS" start="2026-08-28T01:21:05.129723" elapsed="0.199534"/>
</kw>
<kw name="Wait For Load State" owner="Browser">
<msg time="2026-08-28T01:21:05.329823" level="INFO">Waiting page load to state to receive networkidle in 15000.0</msg>
<msg time="2026-08-28T01:21:05.963808" level="INFO">Load state networkidle got in 15000</msg>
<arg>networkidle</arg>
<tag>PageContent</tag>
<tag>Wait</tag>
<doc>Waits until the page reaches the required load state.</doc>
<status status="PASS" start="2026-08-28T01:21:05.329423" elapsed="0.634684"/>
</kw>
<arg>/admin/loans</arg>
<status status="PASS" start="2026-08-28T01:21:05.129422" elapsed="0.834925"/>
</kw>
<kw name="Click" owner="Browser">
<msg time="2026-08-28T01:21:05.965567" level="INFO">Clicks the element 'role=button[name="Create Loan"]'.</msg>
<arg>role=button[name="Create Loan"]</arg>
<tag>PageContent</tag>
<tag>Setter</tag>
<doc>Simulates mouse click on the element found by ``selector``.</doc>
<status status="PASS" start="2026-08-28T01:21:05.964635" elapsed="0.148687"/>
</kw>
<kw name="Wait For Elements State" owner="Browser">
<msg time="2026-08-28T01:21:06.119147" level="INFO">Waited for Element with selector css=[role="dialog"] at state visible</msg>
<arg>css=[role="dialog"]</arg>
<arg>visible</arg>
<arg>timeout=10s</arg>
<tag>PageContent</tag>
<tag>Wait</tag>
<doc>Waits for the element found by ``selector`` to satisfy state option.</doc>
<status status="PASS" start="2026-08-28T01:21:06.113509" elapsed="0.005784"/>
</kw>
<kw name="Take Test Screenshot" owner="common">
<kw name="Take Screenshot" owner="Browser">
<msg time="2026-08-28T01:21:06.234529" level="INFO" html="true">&lt;/td&gt;&lt;/tr&gt;&lt;tr&gt;&lt;td colspan="3"&gt;&lt;a href="admin_create_loan_dialog.png" target="_blank"&gt;&lt;img src="admin_create_loan_dialog.png" style="max-width:800px;max-height:800px;"/&gt;&lt;/a&gt;</msg>
<arg>filename=/home/logesh/Coding/Projects/finance-tracker/tests/robot/resources/../results/${name}.png</arg>
<tag>PageContent</tag>
<doc>Takes a screenshot of the current window or element and saves it to disk.</doc>
<status status="PASS" start="2026-08-28T01:21:06.119755" elapsed="0.114963"/>
</kw>
<arg>admin_create_loan_dialog</arg>
<status status="PASS" start="2026-08-28T01:21:06.119482" elapsed="0.115359"/>
</kw>
<kw name="Keyboard Key" owner="Browser">
<arg>press</arg>
<arg>Escape</arg>
<tag>PageContent</tag>
<tag>Setter</tag>
<doc>Press a keyboard key on the virtual keyboard or set a key up or down.</doc>
[...]
<tag>Wait</tag>
<doc>Waits until the page reaches the required load state.</doc>
<status status="PASS" start="2026-08-28T01:21:31.567322" elapsed="0.500130"/>
</kw>
<kw name="Close Context" owner="Browser">
<msg time="2026-08-28T01:21:32.069318" level="INFO">Switching browser to CURRENT</msg>
<msg time="2026-08-28T01:21:32.071019" level="INFO">Returned active browser id. CURRENT</msg>
<msg time="2026-08-28T01:21:32.072560" level="INFO">Switching context to CURRENT in CURRENT</msg>
<msg time="2026-08-28T01:21:32.076019" level="INFO">Returned active context id: CURRENT</msg>
<msg time="2026-08-28T01:21:32.076503" level="INFO">Switching context to context=b957ab43-55fe-44e6-8dc9-f45db3f8d4e7 in CURRENT</msg>
<msg time="2026-08-28T01:21:32.079256" level="INFO">Successfully changed active context: context=b957ab43-55fe-44e6-8dc9-f45db3f8d4e7</msg>
<msg time="2026-08-28T01:21:32.083311" level="INFO">Successfully closed Context</msg>
<tag>BrowserControl</tag>
<tag>Setter</tag>
<doc>Closes a Context.</doc>
<status status="PASS" start="2026-08-28T01:21:32.067614" elapsed="0.015852"/>
</kw>
<status status="PASS" start="2026-08-28T01:21:31.505425" elapsed="0.578129"/>
</kw>
<status status="PASS" start="2026-08-28T01:21:28.632007" elapsed="3.451648"/>
</test>
<test id="s1-s4-t4" name="Admin Collections Page Has Confirm Button" line="52">
<kw name="Login As Admin" owner="common">
<kw name="New Context" owner="Browser">
<msg time="2026-08-28T01:21:32.090620" level="INFO">{
  "acceptDownloads": true,
  "bypassCSP": false,
  "forcedColors": "none",
  "ignoreHTTPSErrors": false,
  "javaScriptEnabled": true,
  "offline": false,
  "reducedMotion": "no-preference",
  "serviceWorkers": "allow",
  "viewport": {
    "width": 1280,
    "height": 800
  }
}</msg>
<msg time="2026-08-28T01:21:32.094583" level="INFO">Successfully created context. </msg>
<msg time="2026-08-28T01:21:32.094657" level="INFO">{'acceptDownloads': True, 'bypassCSP': False, 'forcedColors': 'none', 'ignoreHTTPSErrors': False, 'javaScriptEnabled': True, 'offline': False, 'reducedMotion': 'no-preference', 'serviceWorkers': 'allow', 'viewport': {'width': 1280, 'height': 800}}</msg>
<arg>viewport={'width': 1280, 'height': 800}</arg>
<tag>BrowserControl</tag>
<tag>Setter</tag>
<doc>Create a new BrowserContext with specified options.</doc>
<status status="PASS" start="2026-08-28T01:21:32.089688" elapsed="0.005024"/>
</kw>
<kw name="New Page" owner="Browser">
<msg time="2026-08-28T01:21:32.344345" level="INFO">Successfully initialized new page object and opened url: http://192.168.0.109:3001/login</msg>
<arg>${BASE_URL}/login</arg>
<tag>BrowserControl</tag>
<tag>Setter</tag>
<doc>Open a new Page.</doc>
<status status="PASS" start="2026-08-28T01:21:32.094863" elapsed="0.249663"/>
</kw>
<kw name="Wait For Elements State" owner="Browser">
<msg time="2026-08-28T01:21:32.401833" level="INFO">Waited for Element with selector id=email at state visible</msg>
<arg>id=email</arg>
<arg>visible</arg>
<arg>timeout=15s</arg>
<tag>PageContent</tag>
<tag>Wait</tag>
<doc>Waits for the element found by ``selector`` to satisfy state option.</doc>
<status status="PASS" start="2026-08-28T01:21:32.344687" elapsed="0.057297"/>
</kw>
<kw name="Fill Text" owner="Browser">
<msg time="2026-08-28T01:21:32.402580" level="INFO">Fills the text 'admin@demo.com' in the given field.</msg>
<arg>id=email</arg>
<arg>${ADMIN_EMAIL}</arg>
<tag>PageContent</tag>
<tag>Setter</tag>
<doc>Clears and fills the given ``txt`` into the text field found by ``selector``.</doc>
<status status="PASS" start="2026-08-28T01:21:32.402166" elapsed="0.050599"/>
</kw>
<kw name="Fill Text" owner="Browser">
<msg time="2026-08-28T01:21:32.453749" level="INFO">Fills the text 'Demo@1234' in the given field.</msg>
<arg>id=password</arg>
<arg>${ADMIN_PASS}</arg>
<tag>PageContent</tag>
<tag>Setter</tag>
<doc>Clears and fills the given ``txt`` into the text field found by ``selector``.</doc>
<status status="PASS" start="2026-08-28T01:21:32.453065" elapsed="0.016624"/>
</kw>
<kw name="Click" owner="Browser">
<msg time="2026-08-28T01:21:32.470274" level="INFO">Clicks the element 'css=button[type="submit"]'.</msg>
<arg>css=button[type="submit"]</arg>
<tag>PageContent</tag>
<tag>Setter</tag>
<doc>Simulates mouse click on the element found by ``selector``.</doc>
<status status="PASS" start="2026-08-28T01:21:32.469872" elapsed="0.050639"/>
</kw>
<kw name="Wait For Load State" owner="Browser">
<msg time="2026-08-28T01:21:32.521135" level="INFO">Waiting page load to state to receive networkidle in 15000.0</msg>
<msg time="2026-08-28T01:21:33.862211" level="INFO">Load state networkidle got in 15000</msg>
<arg>networkidle</arg>
<arg>timeout=15s</arg>
<tag>PageContent</tag>
<tag>Wait</tag>
<doc>Waits until the page reaches the required load state.</doc>
<status status="PASS" start="2026-08-28T01:21:32.520690" elapsed="1.341721"/>
</kw>
<kw name="Get Url" owner="Browser">
<msg time="2026-08-28T01:21:33.864687" level="INFO">${url} = http://192.168.0.109:3001/dashboard</msg>
<var>${url}</var>
<tag>Assertion</tag>
<tag>Getter</tag>
<tag>PageContent</tag>
<doc>Returns the current URL.</doc>
<status status="PASS" start="2026-08-28T01:21:33.862605" elapsed="0.002186"/>
</kw>
<kw name="Should Not Contain" owner="BuiltIn">
<arg>${url}</arg>
<arg>/login</arg>
<doc>Fails if ``container`` contains ``item`` one or more times.</doc>
<status status="PASS" start="2026-08-28T01:21:33.864966" elapsed="0.000398"/>
</kw>
<status status="PASS" start="2026-08-28T01:21:32.089396" elapsed="1.776045"/>
</kw>
<kw name="Navigate To" owner="common">
<kw name="Go To" owner="Browser">
<msg time="2026-08-28T01:21:34.086630" level="INFO">Successfully opened URL http://192.168.0.109:3001/admin/collections</msg>
<arg>${BASE_URL}${path}</arg>
<tag>BrowserControl</tag>
<tag>Setter</tag>
<doc>Navigates to the given ``url``.</doc>
<status status="PASS" start="2026-08-28T01:21:33.865857" elapsed="0.220927"/>
</kw>
<kw name="Wait For Load State" owner="Browser">
<msg time="2026-08-28T01:21:34.087374" level="INFO">Waiting page load to state to receive networkidle in 15000.0</msg>
<msg time="2026-08-28T01:21:34.715795" level="INFO">Load state networkidle got in 15000</msg>
<arg>networkidle</arg>
<tag>PageContent</tag>
<tag>Wait</tag>
<doc>Waits until the page reaches the required load state.</doc>
<status status="PASS" start="2026-08-28T01:21:34.086952" elapsed="0.629141"/>
</kw>
<arg>/admin/collections</arg>
<status status="PASS" start="2026-08-28T01:21:33.865589" elapsed="0.850748"/>
</kw>
<kw name="Wait For Elements State" owner="Browser">
<msg time="2026-08-28T01:21:34.746004" level="INFO">Waited for Element with selector h1 at state visible</msg>
<arg>h1</arg>
<arg>visible</arg>
<tag>PageContent</tag>
<tag>Wait</tag>
<doc>Waits for the element found by ``selector`` to satisfy state option.</doc>
<status status="PASS" start="2026-08-28T01:21:34.716642" elapsed="0.029532"/>
</kw>
<kw name="Take Test Screenshot" owner="common">
<kw name="Take Screenshot" owner="Browser">
<msg time="2026-08-28T01:21:34.786859" level="INFO" html="true">&lt;/td&gt;&lt;/tr&gt;&lt;tr&gt;&lt;td colspan="3"&gt;&lt;a href="admin_collections_confirm_check.png" target="_blank"&gt;&lt;img src="admin_collections_confirm_check.png" style="max-width:800px;max-height:800px;"/&gt;&lt;/a&gt;</msg>
<arg>filename=/home/logesh/Coding/Projects/finance-tracker/tests/robot/resources/../results/${name}.png</arg>
<tag>PageContent</tag>
<doc>Takes a screenshot of the current window or element and saves it to disk.</doc>
<status status="PASS" start="2026-08-28T01:21:34.746655" elapsed="0.040317"/>
</kw>
<arg>admin_collections_confirm_check</arg>
<status status="PASS" start="2026-08-28T01:21:34.746378" elapsed="0.040678"/>
</kw>
<kw name="Logout And Close" owner="common">
<kw name="Go To" owner="Browser">
<msg time="2026-08-28T01:21:34.831573" level="INFO">Successfully opened URL http://192.168.0.109:3001/api/auth/signout</msg>
<arg>${BASE_URL}/api/auth/signout</arg>
<tag>BrowserControl</tag>
<tag>Setter</tag>
<doc>Navigates to the given ``url``.</doc>
<status status="PASS" start="2026-08-28T01:21:34.787434" elapsed="0.044375"/>
</kw>
<kw name="Wait For Load State" owner="Browser">
<msg time="2026-08-28T01:21:34.832684" level="INFO">Waiting page load to state to receive networkidle in 15000.0</msg>
<msg time="2026-08-28T01:21:35.331365" level="INFO">Load state networkidle got in 15000</msg>
<arg>networkidle</arg>
<tag>PageContent</tag>
<tag>Wait</tag>
<doc>Waits until the page reaches the required load state.</doc>
<status status="PASS" start="2026-08-28T01:21:34.832057" elapsed="0.499505"/>
</kw>
<kw name="Close Context" owner="Browser">
<msg time="2026-08-28T01:21:35.334299" level="INFO">Switching browser to CURRENT</msg>
<msg time="2026-08-28T01:21:35.336152" level="INFO">Returned active browser id. CURRENT</msg>
<msg time="2026-08-28T01:21:35.337785" level="INFO">Switching context to CURRENT in CURRENT</msg>
<msg time="2026-08-28T01:21:35.340724" level="INFO">Returned active context id: CURRENT</msg>
<msg time="2026-08-28T01:21:35.341194" level="INFO">Switching context to context=a22740da-c8be-4b96-8a18-5abf1d7e6758 in CURRENT</msg>
<msg time="2026-08-28T01:21:35.344545" level="INFO">Successfully changed active context: context=a22740da-c8be-4b96-8a18-5abf1d7e6758</msg>
<msg time="2026-08-28T01:21:35.349034" level="INFO">Successfully closed Context</msg>
<tag>BrowserControl</tag>
<tag>Setter</tag>
<doc>Closes a Context.</doc>
<status status="PASS" start="2026-08-28T01:21:35.331803" elapsed="0.017444"/>
</kw>
<status status="PASS" start="2026-08-28T01:21:34.787212" elapsed="0.562152"/>
</kw>
<status status="PASS" start="2026-08-28T01:21:32.087112" elapsed="3.262389"/>
</test>
<test id="s1-s4-t5" name="Agent Collection Form Opens" line="59">
<kw name="Login As Agent" owner="common">
<kw name="New Context" owner="Browser">
<msg time="2026-08-28T01:21:35.359524" level="INFO">{
  "acceptDownloads": true,
  "bypassCSP": false,
  "forcedColors": "none",
  "ignoreHTTPSErrors": false,
  "javaScriptEnabled": true,
  "offline": false,
  "reducedMotion": "no-preference",
  "serviceWorkers": "allow",
  "viewport": {
    "width": 1280,
    "height": 800
  }
}</msg>
<msg time="2026-08-28T01:21:35.363584" level="INFO">Successfully created context. </msg>
<msg time="2026-08-28T01:21:35.363655" level="INFO">{'acceptDownloads': True, 'bypassCSP': False, 'forcedColors': 'none', 'ignoreHTTPSErrors': False, 'javaScriptEnabled': True, 'offline': False, 'reducedMotion': 'no-preference', 'serviceWorkers': 'allow', 'viewport': {'width': 1280, 'height': 800}}</msg>
<arg>viewport={'width': 1280, 'height': 800}</arg>
<tag>BrowserControl</tag>
<tag>Setter</tag>
<doc>Create a new BrowserContext with specified options.</doc>
<status status="PASS" start="2026-08-28T01:21:35.357910" elapsed="0.005800"/>
</kw>
<kw name="New Page" owner="Browser">
<msg time="2026-08-28T01:21:35.619555" level="INFO">Successfully initialized new page object and opened url: http://192.168.0.109:3001/login</msg>
<arg>${BASE_URL}/login</arg>
<tag>BrowserControl</tag>
<tag>Setter</tag>
<doc>Open a new Page.</doc>
<status status="PASS" start="2026-08-28T01:21:35.363860" elapsed="0.255868"/>
</kw>
<kw name="Wait For Elements State" owner="Browser">
<msg time="2026-08-28T01:21:35.674354" level="INFO">Waited for Element with selector id=email at state visible</msg>
<arg>id=email</arg>
<arg>visible</arg>
<arg>timeout=15s</arg>
<tag>PageContent</tag>
<tag>Wait</tag>
<doc>Waits for the element found by ``selector`` to satisfy state option.</doc>
<status status="PASS" start="2026-08-28T01:21:35.619889" elapsed="0.054616"/>
</kw>
<kw name="Fill Text" owner="Browser">
<msg time="2026-08-28T01:21:35.675074" level="INFO">Fills the text 'agent@demo.com' in the given field.</msg>
<arg>id=email</arg>
<arg>${AGENT_EMAIL}</arg>
<tag>PageContent</tag>
<tag>Setter</tag>
<doc>Clears and fills the given ``txt`` into the text field found by ``selector``.</doc>
<status status="PASS" start="2026-08-28T01:21:35.674664" elapsed="0.040053"/>
</kw>
<kw name="Fill Text" owner="Browser">
<msg time="2026-08-28T01:21:35.715723" level="INFO">Fills the text 'Demo@1234' in the given field.</msg>
<arg>id=password</arg>
<arg>${AGENT_PASS}</arg>
<tag>PageContent</tag>
<tag>Setter</tag>
<doc>Clears and fills the given ``txt`` into the text field found by ``selector``.</doc>
<status status="PASS" start="2026-08-28T01:21:35.715014" elapsed="0.019531"/>
</kw>
<kw name="Click" owner="Browser">
<msg time="2026-08-28T01:21:35.735433" level="INFO">Clicks the element 'css=button[type="submit"]'.</msg>
<arg>css=button[type="submit"]</arg>
<tag>PageContent</tag>
<tag>Setter</tag>
<doc>Simulates mouse click on the element found by ``selector``.</doc>
<status status="PASS" start="2026-08-28T01:21:35.734826" elapsed="0.052652"/>
</kw>
<kw name="Wait For Load State" owner="Browser">
<msg time="2026-08-28T01:21:35.788100" level="INFO">Waiting page load to state to receive networkidle in 15000.0</msg>
<msg time="2026-08-28T01:21:36.903960" level="INFO">Load state networkidle got in 15000</msg>
<arg>networkidle</arg>
<arg>timeout=15s</arg>
<tag>PageContent</tag>
<tag>Wait</tag>
<doc>Waits until the page reaches the required load state.</doc>
<status status="PASS" start="2026-08-28T01:21:35.787659" elapsed="1.116626"/>
</kw>
<kw name="Get Url" owner="Browser">
<msg time="2026-08-28T01:21:36.909019" level="INFO">${url} = http://192.168.0.109:3001/dashboard</msg>
<var>${url}</var>
<tag>Assertion</tag>
<tag>Getter</tag>
<tag>PageContent</tag>
<doc>Returns the current URL.</doc>
<status status="PASS" start="2026-08-28T01:21:36.904787" elapsed="0.004318"/>
</kw>
<kw name="Should Not Contain" owner="BuiltIn">
<arg>${url}</arg>
<arg>/login</arg>
<doc>Fails if ``container`` contains ``item`` one or more times.</doc>
<status status="PASS" start="2026-08-28T01:21:36.909453" elapsed="0.000779"/>
</kw>
<status status="PASS" start="2026-08-28T01:21:35.357455" elapsed="1.552944"/>
</kw>
<kw name="Navigate To" owner="common">
<kw name="Go To" owner="Browser">
<msg time="2026-08-28T01:21:37.104569" level="INFO">Successfully opened URL http://192.168.0.109:3001/collections</msg>
<arg>${BASE_URL}${path}</arg>
<tag>BrowserControl</tag>
<tag>Setter</tag>
<doc>Navigates to the given ``url``.</doc>
<status status="PASS" start="2026-08-28T01:21:36.911310" elapsed="0.193473"/>
</kw>
<kw name="Wait For Load State" owner="Browser">
<msg time="2026-08-28T01:21:37.105606" level="INFO">Waiting page load to state to receive networkidle in 15000.0</msg>
<msg time="2026-08-28T01:21:37.749199" level="INFO">Load state networkidle got in 15000</msg>
<arg>networkidle</arg>
<tag>PageContent</tag>
<tag>Wait</tag>
<doc>Waits until the page reaches the required load state.</doc>
<status status="PASS" start="2026-08-28T01:21:37.105010" elapsed="0.644501"/>
</kw>
<arg>/collections</arg>
<status status="PASS" start="2026-08-28T01:21:36.910698" elapsed="0.839027"/>
</kw>
<kw name="Click" owner="Browser">
<msg time="2026-08-28T01:21:37.750911" level="INFO">Clicks the element 'role=button[name="Record Collection"]'.</msg>
<arg>role=button[name="Record Collection"]</arg>
<tag>PageContent</tag>
<tag>Setter</tag>
<doc>Simulates mouse click on the element found by ``selector``.</doc>
<status status="PASS" start="2026-08-28T01:21:37.750009" elapsed="0.152377"/>
</kw>
<kw name="Wait For Elements State" owner="Browser">
<msg time="2026-08-28T01:21:37.908136" level="INFO">Waited for Element with selector css=[role="dialog"] at state visible</msg>
<arg>css=[role="dialog"]</arg>
<arg>visible</arg>
<arg>timeout=10s</arg>
<tag>PageContent</tag>
<tag>Wait</tag>
<doc>Waits for the element found by ``selector`` to satisfy state option.</doc>
<status status="PASS" start="2026-08-28T01:21:37.902642" elapsed="0.005640"/>
</kw>
<kw name="Take Test Screenshot" owner="common">
<kw name="Take Screenshot" owner="Browser">
<msg time="2026-08-28T01:21:38.072808" level="INFO" html="true">&lt;/td&gt;&lt;/tr&gt;&lt;tr&gt;&lt;td colspan="3"&gt;&lt;a href="agent_collection_form_open.png" target="_blank"&gt;&lt;img src="agent_collection_form_open.png" style="max-width:800px;max-height:800px;"/&gt;&lt;/a&gt;</msg>
<arg>filename=/home/logesh/Coding/Projects/finance-tracker/tests/robot/resources/../results/${name}.png</arg>
<tag>PageContent</tag>
<doc>Takes a screenshot of the current window or element and saves it to disk.</doc>
<status status="PASS" start="2026-08-28T01:21:37.908738" elapsed="0.164190"/>
</kw>
<arg>agent_collection_form_open</arg>
<status status="PASS" start="2026-08-28T01:21:37.908471" elapsed="0.164539"/>
</kw>
<kw name="Keyboard Key" owner="Browser">
<arg>press</arg>
<arg>Escape</arg>
<tag>PageContent</tag>
<tag>Setter</tag>
<doc>Press a keyboard key on the virtual keyboard or set a key up or down.</doc>
<status status="PASS" start="2026-08-28T01:21:38.073133" elapsed="0.045904"/>
</kw>
<kw name="Logout And Close" owner="common">
<kw name="Go To" owner="Browser">
<msg time="2026-08-28T01:21:38.188051" level="INFO">Successfully opened URL http://192.168.0.109:3001/api/auth/signout</msg>
<arg>${BASE_URL}/api/auth/signout</arg>
<tag>BrowserControl</tag>
<tag>Setter</tag>
<doc>Navigates to the given ``url``.</doc>
<status status="PASS" start="2026-08-28T01:21:38.119617" elapsed="0.068612"/>
</kw>
<kw name="Wait For Load State" owner="Browser">
<msg time="2026-08-28T01:21:38.188906" level="INFO">Waiting page load to state to receive networkidle in 15000.0</msg>
<msg time="2026-08-28T01:21:38.688404" level="INFO">Load state networkidle got in 15000</msg>
<arg>networkidle</arg>
<tag>PageContent</tag>
<tag>Wait</tag>
<doc>Waits until the page reaches the required load state.</doc>
<status status="PASS" start="2026-08-28T01:21:38.188448" elapsed="0.500119"/>
</kw>
<kw name="Close Context" owner="Browser">
<msg time="2026-08-28T01:21:38.690683" level="INFO">Switching browser to CURRENT</msg>
<msg time="2026-08-28T01:21:38.692814" level="INFO">Returned active browser id. CURRENT</msg>
<msg time="2026-08-28T01:21:38.694346" level="INFO">Switching context to CURRENT in CURRENT</msg>
<msg time="2026-08-28T01:21:38.697494" level="INFO">Returned active context id: CURRENT</msg>
<msg time="2026-08-28T01:21:38.697987" level="INFO">Switching context to context=ff9e2cde-528f-4744-b770-a0a630f47a2b in CURRENT</msg>
<msg time="2026-08-28T01:21:38.700950" level="INFO">Successfully changed active context: context=ff9e2cde-528f-4744-b770-a0a630f47a2b</msg>
<msg time="2026-08-28T01:21:38.707078" level="INFO">Successfully closed Context</msg>
<tag>BrowserControl</tag>
<tag>Setter</tag>
<doc>Closes a Context.</doc>
<status status="PASS" start="2026-08-28T01:21:38.688741" elapsed="0.018509"/>
</kw>
<status status="PASS" start="2026-08-28T01:21:38.119329" elapsed="0.588015"/>
</kw>
<status status="PASS" start="2026-08-28T01:21:35.354220" elapsed="3.353233"/>
</test>
<kw name="Close Browser" owner="Browser" type="TEARDOWN">
<msg time="2026-08-28T01:21:38.726473" level="INFO">Closed browser</msg>
<tag>BrowserControl</tag>
<tag>Setter</tag>
<doc>Closes the current browser.</doc>
<status status="PASS" start="2026-08-28T01:21:38.711011" elapsed="0.015634"/>
</kw>
<status status="PASS" start="2026-08-28T01:21:21.211802" elapsed="17.514915"/>
</suite>
<status status="PASS" start="2026-08-28T01:20:38.230989" elapsed="60.500854"/>
</suite>
<statistics>
<total>
<stat pass="36" fail="0" skip="0">All Tests</stat>
</total>
<tag>
</tag>
<suite>
<stat name="Suites" id="s1" pass="36" fail="0" skip="0">Suites</stat>
<stat name="01 Auth" id="s1-s1" pass="5" fail="0" skip="0">Suites.01 Auth</stat>
<stat name="02 Admin" id="s1-s2" pass="13" fail="0" skip="0">Suites.02 Admin</stat>
<stat name="03 Agent" id="s1-s3" pass="13" fail="0" skip="0">Suites.03 Agent</stat>
<stat name="04 Loan Collection Workflow" id="s1-s4" pass="5" fail="0" skip="0">Suites.04 Loan Collection Workflow</stat>
</suite>
</statistics>
<errors>
</errors>
</robot>
